{"C:\\Program Files\\JetBrains\\IntelliJ IDEA 2018.3\\plugins\\JavaScriptLanguage\\helpers\\base-test-reporter\\intellij-stringifier.js": {"path":"C:\\Program Files\\JetBrains\\IntelliJ IDEA 2018.3\\plugins\\JavaScriptLanguage\\helpers\\base-test-reporter\\intellij-stringifier.js","statementMap":{"0":{"start":{"line":1,"column":11},"end":{"line":1,"column":37}},"1":{"start":{"line":8,"column":12},"end":{"line":8,"column":30}},"2":{"start":{"line":9,"column":2},"end":{"line":11,"column":3}},"3":{"start":{"line":10,"column":4},"end":{"line":10,"column":15}},"4":{"start":{"line":12,"column":2},"end":{"line":12,"column":79}},"5":{"start":{"line":20,"column":2},"end":{"line":22,"column":3}},"6":{"start":{"line":21,"column":4},"end":{"line":21,"column":17}},"7":{"start":{"line":23,"column":24},"end":{"line":23,"column":51}},"8":{"start":{"line":24,"column":2},"end":{"line":26,"column":3}},"9":{"start":{"line":25,"column":4},"end":{"line":25,"column":38}},"10":{"start":{"line":27,"column":2},"end":{"line":29,"column":3}},"11":{"start":{"line":28,"column":4},"end":{"line":28,"column":23}},"12":{"start":{"line":30,"column":2},"end":{"line":30,"column":50}},"13":{"start":{"line":34,"column":2},"end":{"line":34,"column":29}},"14":{"start":{"line":38,"column":14},"end":{"line":38,"column":16}},"15":{"start":{"line":39,"column":2},"end":{"line":72,"column":12}},"16":{"start":{"line":40,"column":4},"end":{"line":42,"column":5}},"17":{"start":{"line":41,"column":6},"end":{"line":41,"column":19}},"18":{"start":{"line":43,"column":4},"end":{"line":45,"column":5}},"19":{"start":{"line":44,"column":6},"end":{"line":44,"column":19}},"20":{"start":{"line":46,"column":4},"end":{"line":48,"column":5}},"21":{"start":{"line":47,"column":6},"end":{"line":47,"column":19}},"22":{"start":{"line":50,"column":4},"end":{"line":52,"column":5}},"23":{"start":{"line":51,"column":6},"end":{"line":51,"column":59}},"24":{"start":{"line":53,"column":4},"end":{"line":53,"column":22}},"25":{"start":{"line":55,"column":4},"end":{"line":59,"column":5}},"26":{"start":{"line":56,"column":6},"end":{"line":58,"column":9}},"27":{"start":{"line":57,"column":8},"end":{"line":57,"column":31}},"28":{"start":{"line":61,"column":4},"end":{"line":69,"column":5}},"29":{"start":{"line":62,"column":17},"end":{"line":62,"column":35}},"30":{"start":{"line":63,"column":6},"end":{"line":63,"column":18}},"31":{"start":{"line":64,"column":16},"end":{"line":64,"column":18}},"32":{"start":{"line":65,"column":6},"end":{"line":67,"column":9}},"33":{"start":{"line":66,"column":8},"end":{"line":66,"column":38}},"34":{"start":{"line":68,"column":6},"end":{"line":68,"column":17}},"35":{"start":{"line":71,"column":4},"end":{"line":71,"column":17}},"36":{"start":{"line":75,"column":0},"end":{"line":75,"column":30}}},"fnMap":{"0":{"name":"stringify","decl":{"start":{"line":7,"column":9},"end":{"line":7,"column":18}},"loc":{"start":{"line":7,"column":26},"end":{"line":13,"column":1}},"line":7},"1":{"name":"doStringify","decl":{"start":{"line":19,"column":9},"end":{"line":19,"column":20}},"loc":{"start":{"line":19,"column":28},"end":{"line":31,"column":1}},"line":19},"2":{"name":"isObject","decl":{"start":{"line":33,"column":9},"end":{"line":33,"column":17}},"loc":{"start":{"line":33,"column":23},"end":{"line":35,"column":1}},"line":33},"3":{"name":"deepCopyAndNormalize","decl":{"start":{"line":37,"column":9},"end":{"line":37,"column":29}},"loc":{"start":{"line":37,"column":37},"end":{"line":73,"column":1}},"line":37},"4":{"name":"doCopy","decl":{"start":{"line":39,"column":19},"end":{"line":39,"column":25}},"loc":{"start":{"line":39,"column":33},"end":{"line":72,"column":3}},"line":39},"5":{"name":"(anonymous_5)","decl":{"start":{"line":56,"column":23},"end":{"line":56,"column":24}},"loc":{"start":{"line":56,"column":42},"end":{"line":58,"column":7}},"line":56},"6":{"name":"(anonymous_6)","decl":{"start":{"line":65,"column":19},"end":{"line":65,"column":20}},"loc":{"start":{"line":65,"column":34},"end":{"line":67,"column":7}},"line":65}},"branchMap":{"0":{"loc":{"start":{"line":9,"column":2},"end":{"line":11,"column":3}},"type":"if","locations":[{"start":{"line":9,"column":2},"end":{"line":11,"column":3}},{"start":{"line":9,"column":2},"end":{"line":11,"column":3}}],"line":9},"1":{"loc":{"start":{"line":20,"column":2},"end":{"line":22,"column":3}},"type":"if","locations":[{"start":{"line":20,"column":2},"end":{"line":22,"column":3}},{"start":{"line":20,"column":2},"end":{"line":22,"column":3}}],"line":20},"2":{"loc":{"start":{"line":24,"column":2},"end":{"line":26,"column":3}},"type":"if","locations":[{"start":{"line":24,"column":2},"end":{"line":26,"column":3}},{"start":{"line":24,"column":2},"end":{"line":26,"column":3}}],"line":24},"3":{"loc":{"start":{"line":27,"column":2},"end":{"line":29,"column":3}},"type":"if","locations":[{"start":{"line":27,"column":2},"end":{"line":29,"column":3}},{"start":{"line":27,"column":2},"end":{"line":29,"column":3}}],"line":27},"4":{"loc":{"start":{"line":40,"column":4},"end":{"line":42,"column":5}},"type":"if","locations":[{"start":{"line":40,"column":4},"end":{"line":42,"column":5}},{"start":{"line":40,"column":4},"end":{"line":42,"column":5}}],"line":40},"5":{"loc":{"start":{"line":43,"column":4},"end":{"line":45,"column":5}},"type":"if","locations":[{"start":{"line":43,"column":4},"end":{"line":45,"column":5}},{"start":{"line":43,"column":4},"end":{"line":45,"column":5}}],"line":43},"6":{"loc":{"start":{"line":43,"column":8},"end":{"line":43,"column":92}},"type":"binary-expr","locations":[{"start":{"line":43,"column":8},"end":{"line":43,"column":33}},{"start":{"line":43,"column":37},"end":{"line":43,"column":63}},{"start":{"line":43,"column":67},"end":{"line":43,"column":92}}],"line":43},"7":{"loc":{"start":{"line":46,"column":4},"end":{"line":48,"column":5}},"type":"if","locations":[{"start":{"line":46,"column":4},"end":{"line":48,"column":5}},{"start":{"line":46,"column":4},"end":{"line":48,"column":5}}],"line":46},"8":{"loc":{"start":{"line":50,"column":4},"end":{"line":52,"column":5}},"type":"if","locations":[{"start":{"line":50,"column":4},"end":{"line":52,"column":5}},{"start":{"line":50,"column":4},"end":{"line":52,"column":5}}],"line":50},"9":{"loc":{"start":{"line":55,"column":4},"end":{"line":59,"column":5}},"type":"if","locations":[{"start":{"line":55,"column":4},"end":{"line":59,"column":5}},{"start":{"line":55,"column":4},"end":{"line":59,"column":5}}],"line":55},"10":{"loc":{"start":{"line":61,"column":4},"end":{"line":69,"column":5}},"type":"if","locations":[{"start":{"line":61,"column":4},"end":{"line":69,"column":5}},{"start":{"line":61,"column":4},"end":{"line":69,"column":5}}],"line":61}},"s":{"0":1,"1":0,"2":0,"3":0,"4":0,"5":0,"6":0,"7":0,"8":0,"9":0,"10":0,"11":0,"12":0,"13":0,"14":0,"15":0,"16":0,"17":0,"18":0,"19":0,"20":0,"21":0,"22":0,"23":0,"24":0,"25":0,"26":0,"27":0,"28":0,"29":0,"30":0,"31":0,"32":0,"33":0,"34":0,"35":0,"36":1},"f":{"0":0,"1":0,"2":0,"3":0,"4":0,"5":0,"6":0},"b":{"0":[0,0],"1":[0,0],"2":[0,0],"3":[0,0],"4":[0,0],"5":[0,0],"6":[0,0,0],"7":[0,0],"8":[0,0],"9":[0,0],"10":[0,0]},"_coverageSchema":"332fd63041d2c1bcb487cc26dd0d5f7d97098a6c","hash":"cab21ceaea4d06e6e3b6aa5e1b184ab096594135"}
,"C:\\Program Files\\JetBrains\\IntelliJ IDEA 2018.3\\plugins\\JavaScriptLanguage\\helpers\\base-test-reporter\\intellij-tree.js": {"path":"C:\\Program Files\\JetBrains\\IntelliJ IDEA 2018.3\\plugins\\JavaScriptLanguage\\helpers\\base-test-reporter\\intellij-tree.js","statementMap":{"0":{"start":{"line":1,"column":21},"end":{"line":1,"column":34}},"1":{"start":{"line":4,"column":2},"end":{"line":11,"column":5}},"2":{"start":{"line":16,"column":2},"end":{"line":16,"column":27}},"3":{"start":{"line":21,"column":2},"end":{"line":23,"column":4}},"4":{"start":{"line":22,"column":4},"end":{"line":22,"column":22}},"5":{"start":{"line":29,"column":2},"end":{"line":29,"column":84}},"6":{"start":{"line":34,"column":2},"end":{"line":34,"column":18}},"7":{"start":{"line":37,"column":0},"end":{"line":39,"column":2}},"8":{"start":{"line":38,"column":2},"end":{"line":38,"column":47}},"9":{"start":{"line":41,"column":0},"end":{"line":51,"column":2}},"10":{"start":{"line":42,"column":12},"end":{"line":42,"column":76}},"11":{"start":{"line":43,"column":2},"end":{"line":45,"column":3}},"12":{"start":{"line":44,"column":4},"end":{"line":44,"column":59}},"13":{"start":{"line":46,"column":2},"end":{"line":48,"column":3}},"14":{"start":{"line":47,"column":4},"end":{"line":47,"column":61}},"15":{"start":{"line":49,"column":2},"end":{"line":49,"column":15}},"16":{"start":{"line":50,"column":2},"end":{"line":50,"column":20}},"17":{"start":{"line":53,"column":0},"end":{"line":57,"column":2}},"18":{"start":{"line":54,"column":2},"end":{"line":56,"column":3}},"19":{"start":{"line":55,"column":4},"end":{"line":55,"column":75}},"20":{"start":{"line":59,"column":0},"end":{"line":61,"column":2}},"21":{"start":{"line":60,"column":2},"end":{"line":60,"column":45}},"22":{"start":{"line":63,"column":0},"end":{"line":65,"column":2}},"23":{"start":{"line":64,"column":2},"end":{"line":64,"column":46}},"24":{"start":{"line":84,"column":2},"end":{"line":84,"column":19}},"25":{"start":{"line":89,"column":2},"end":{"line":89,"column":15}},"26":{"start":{"line":94,"column":2},"end":{"line":94,"column":23}},"27":{"start":{"line":99,"column":2},"end":{"line":99,"column":19}},"28":{"start":{"line":104,"column":2},"end":{"line":104,"column":19}},"29":{"start":{"line":109,"column":2},"end":{"line":109,"column":35}},"30":{"start":{"line":114,"column":2},"end":{"line":114,"column":33}},"31":{"start":{"line":123,"column":2},"end":{"line":123,"column":19}},"32":{"start":{"line":125,"column":0},"end":{"line":127,"column":2}},"33":{"start":{"line":126,"column":4},"end":{"line":126,"column":21}},"34":{"start":{"line":128,"column":0},"end":{"line":128,"column":45}},"35":{"start":{"line":129,"column":0},"end":{"line":129,"column":51}},"36":{"start":{"line":130,"column":0},"end":{"line":130,"column":45}},"37":{"start":{"line":131,"column":0},"end":{"line":131,"column":47}},"38":{"start":{"line":138,"column":0},"end":{"line":142,"column":2}},"39":{"start":{"line":139,"column":13},"end":{"line":139,"column":38}},"40":{"start":{"line":140,"column":2},"end":{"line":140,"column":26}},"41":{"start":{"line":141,"column":2},"end":{"line":141,"column":36}},"42":{"start":{"line":148,"column":0},"end":{"line":153,"column":2}},"43":{"start":{"line":149,"column":2},"end":{"line":151,"column":3}},"44":{"start":{"line":150,"column":4},"end":{"line":150,"column":38}},"45":{"start":{"line":152,"column":2},"end":{"line":152,"column":54}},"46":{"start":{"line":160,"column":0},"end":{"line":180,"column":2}},"47":{"start":{"line":161,"column":25},"end":{"line":161,"column":51}},"48":{"start":{"line":162,"column":13},"end":{"line":162,"column":26}},"49":{"start":{"line":163,"column":2},"end":{"line":163,"column":27}},"50":{"start":{"line":164,"column":2},"end":{"line":164,"column":33}},"51":{"start":{"line":165,"column":17},"end":{"line":165,"column":49}},"52":{"start":{"line":166,"column":2},"end":{"line":166,"column":42}},"53":{"start":{"line":167,"column":2},"end":{"line":167,"column":57}},"54":{"start":{"line":168,"column":2},"end":{"line":168,"column":36}},"55":{"start":{"line":169,"column":2},"end":{"line":174,"column":3}},"56":{"start":{"line":170,"column":4},"end":{"line":170,"column":41}},"57":{"start":{"line":171,"column":4},"end":{"line":173,"column":5}},"58":{"start":{"line":172,"column":6},"end":{"line":172,"column":97}},"59":{"start":{"line":175,"column":2},"end":{"line":177,"column":3}},"60":{"start":{"line":176,"column":4},"end":{"line":176,"column":67}},"61":{"start":{"line":178,"column":2},"end":{"line":178,"column":16}},"62":{"start":{"line":179,"column":2},"end":{"line":179,"column":14}},"63":{"start":{"line":189,"column":0},"end":{"line":200,"column":2}},"64":{"start":{"line":190,"column":2},"end":{"line":192,"column":3}},"65":{"start":{"line":191,"column":4},"end":{"line":191,"column":46}},"66":{"start":{"line":193,"column":2},"end":{"line":196,"column":3}},"67":{"start":{"line":195,"column":4},"end":{"line":195,"column":11}},"68":{"start":{"line":197,"column":13},"end":{"line":197,"column":35}},"69":{"start":{"line":198,"column":2},"end":{"line":198,"column":26}},"70":{"start":{"line":199,"column":2},"end":{"line":199,"column":33}},"71":{"start":{"line":206,"column":0},"end":{"line":215,"column":2}},"72":{"start":{"line":207,"column":2},"end":{"line":209,"column":3}},"73":{"start":{"line":208,"column":4},"end":{"line":208,"column":37}},"74":{"start":{"line":210,"column":2},"end":{"line":213,"column":3}},"75":{"start":{"line":211,"column":22},"end":{"line":211,"column":48}},"76":{"start":{"line":212,"column":4},"end":{"line":212,"column":89}},"77":{"start":{"line":214,"column":2},"end":{"line":214,"column":54}},"78":{"start":{"line":222,"column":0},"end":{"line":224,"column":2}},"79":{"start":{"line":223,"column":2},"end":{"line":223,"column":51}},"80":{"start":{"line":231,"column":0},"end":{"line":247,"column":2}},"81":{"start":{"line":232,"column":2},"end":{"line":234,"column":3}},"82":{"start":{"line":233,"column":4},"end":{"line":233,"column":11}},"83":{"start":{"line":235,"column":2},"end":{"line":237,"column":3}},"84":{"start":{"line":236,"column":4},"end":{"line":236,"column":56}},"85":{"start":{"line":238,"column":13},"end":{"line":238,"column":36}},"86":{"start":{"line":239,"column":2},"end":{"line":239,"column":26}},"87":{"start":{"line":240,"column":2},"end":{"line":240,"column":34}},"88":{"start":{"line":241,"column":2},"end":{"line":246,"column":3}},"89":{"start":{"line":242,"column":17},"end":{"line":242,"column":28}},"90":{"start":{"line":243,"column":4},"end":{"line":245,"column":5}},"91":{"start":{"line":244,"column":6},"end":{"line":244,"column":31}},"92":{"start":{"line":252,"column":0},"end":{"line":254,"column":2}},"93":{"start":{"line":253,"column":2},"end":{"line":253,"column":43}},"94":{"start":{"line":260,"column":0},"end":{"line":269,"column":2}},"95":{"start":{"line":261,"column":13},"end":{"line":261,"column":56}},"96":{"start":{"line":262,"column":2},"end":{"line":262,"column":40}},"97":{"start":{"line":263,"column":24},"end":{"line":263,"column":62}},"98":{"start":{"line":264,"column":2},"end":{"line":266,"column":3}},"99":{"start":{"line":265,"column":4},"end":{"line":265,"column":28}},"100":{"start":{"line":267,"column":2},"end":{"line":267,"column":14}},"101":{"start":{"line":268,"column":2},"end":{"line":268,"column":14}},"102":{"start":{"line":276,"column":0},"end":{"line":278,"column":2}},"103":{"start":{"line":277,"column":2},"end":{"line":277,"column":51}},"104":{"start":{"line":280,"column":0},"end":{"line":287,"column":2}},"105":{"start":{"line":281,"column":2},"end":{"line":286,"column":3}},"106":{"start":{"line":282,"column":4},"end":{"line":284,"column":5}},"107":{"start":{"line":283,"column":6},"end":{"line":283,"column":41}},"108":{"start":{"line":285,"column":4},"end":{"line":285,"column":18}},"109":{"start":{"line":302,"column":2},"end":{"line":302,"column":62}},"110":{"start":{"line":307,"column":2},"end":{"line":307,"column":21}},"111":{"start":{"line":312,"column":2},"end":{"line":312,"column":22}},"112":{"start":{"line":317,"column":2},"end":{"line":317,"column":30}},"113":{"start":{"line":320,"column":0},"end":{"line":320,"column":29}},"114":{"start":{"line":327,"column":0},"end":{"line":337,"column":2}},"115":{"start":{"line":328,"column":15},"end":{"line":328,"column":49}},"116":{"start":{"line":329,"column":2},"end":{"line":335,"column":3}},"117":{"start":{"line":331,"column":16},"end":{"line":333,"column":6}},"118":{"start":{"line":332,"column":6},"end":{"line":332,"column":44}},"119":{"start":{"line":334,"column":4},"end":{"line":334,"column":37}},"120":{"start":{"line":336,"column":2},"end":{"line":336,"column":16}},"121":{"start":{"line":343,"column":2},"end":{"line":345,"column":3}},"122":{"start":{"line":344,"column":4},"end":{"line":344,"column":43}},"123":{"start":{"line":346,"column":2},"end":{"line":346,"column":14}},"124":{"start":{"line":353,"column":18},"end":{"line":353,"column":32}},"125":{"start":{"line":354,"column":17},"end":{"line":354,"column":57}},"126":{"start":{"line":355,"column":2},"end":{"line":364,"column":3}},"127":{"start":{"line":356,"column":4},"end":{"line":359,"column":5}},"128":{"start":{"line":357,"column":6},"end":{"line":357,"column":28}},"129":{"start":{"line":358,"column":6},"end":{"line":358,"column":49}},"130":{"start":{"line":360,"column":4},"end":{"line":360,"column":29}},"131":{"start":{"line":363,"column":4},"end":{"line":363,"column":48}},"132":{"start":{"line":371,"column":0},"end":{"line":373,"column":2}},"133":{"start":{"line":372,"column":2},"end":{"line":372,"column":28}},"134":{"start":{"line":379,"column":0},"end":{"line":381,"column":2}},"135":{"start":{"line":380,"column":2},"end":{"line":380,"column":29}},"136":{"start":{"line":387,"column":0},"end":{"line":389,"column":2}},"137":{"start":{"line":388,"column":2},"end":{"line":388,"column":14}},"138":{"start":{"line":398,"column":0},"end":{"line":410,"column":2}},"139":{"start":{"line":399,"column":2},"end":{"line":401,"column":3}},"140":{"start":{"line":400,"column":4},"end":{"line":400,"column":68}},"141":{"start":{"line":402,"column":16},"end":{"line":402,"column":34}},"142":{"start":{"line":403,"column":2},"end":{"line":405,"column":3}},"143":{"start":{"line":404,"column":4},"end":{"line":404,"column":49}},"144":{"start":{"line":406,"column":14},"end":{"line":406,"column":87}},"145":{"start":{"line":407,"column":2},"end":{"line":407,"column":28}},"146":{"start":{"line":408,"column":2},"end":{"line":408,"column":28}},"147":{"start":{"line":409,"column":2},"end":{"line":409,"column":15}},"148":{"start":{"line":419,"column":0},"end":{"line":431,"column":2}},"149":{"start":{"line":420,"column":2},"end":{"line":422,"column":3}},"150":{"start":{"line":421,"column":4},"end":{"line":421,"column":68}},"151":{"start":{"line":423,"column":16},"end":{"line":423,"column":34}},"152":{"start":{"line":424,"column":2},"end":{"line":426,"column":3}},"153":{"start":{"line":425,"column":4},"end":{"line":425,"column":49}},"154":{"start":{"line":427,"column":14},"end":{"line":427,"column":92}},"155":{"start":{"line":428,"column":2},"end":{"line":428,"column":28}},"156":{"start":{"line":429,"column":2},"end":{"line":429,"column":28}},"157":{"start":{"line":430,"column":2},"end":{"line":430,"column":15}},"158":{"start":{"line":436,"column":0},"end":{"line":443,"column":2}},"159":{"start":{"line":437,"column":2},"end":{"line":437,"column":28}},"160":{"start":{"line":438,"column":2},"end":{"line":442,"column":3}},"161":{"start":{"line":439,"column":4},"end":{"line":441,"column":5}},"162":{"start":{"line":440,"column":6},"end":{"line":440,"column":24}},"163":{"start":{"line":457,"column":2},"end":{"line":457,"column":62}},"164":{"start":{"line":462,"column":2},"end":{"line":462,"column":27}},"165":{"start":{"line":467,"column":2},"end":{"line":467,"column":34}},"166":{"start":{"line":472,"column":2},"end":{"line":472,"column":30}},"167":{"start":{"line":477,"column":2},"end":{"line":477,"column":34}},"168":{"start":{"line":482,"column":2},"end":{"line":482,"column":31}},"169":{"start":{"line":487,"column":2},"end":{"line":487,"column":29}},"170":{"start":{"line":492,"column":2},"end":{"line":492,"column":36}},"171":{"start":{"line":497,"column":2},"end":{"line":497,"column":34}},"172":{"start":{"line":502,"column":2},"end":{"line":502,"column":28}},"173":{"start":{"line":505,"column":0},"end":{"line":505,"column":24}},"174":{"start":{"line":513,"column":2},"end":{"line":513,"column":19}},"175":{"start":{"line":515,"column":0},"end":{"line":517,"column":2}},"176":{"start":{"line":516,"column":4},"end":{"line":516,"column":21}},"177":{"start":{"line":519,"column":0},"end":{"line":519,"column":49}},"178":{"start":{"line":520,"column":0},"end":{"line":520,"column":49}},"179":{"start":{"line":521,"column":0},"end":{"line":521,"column":47}},"180":{"start":{"line":522,"column":0},"end":{"line":522,"column":45}},"181":{"start":{"line":524,"column":0},"end":{"line":524,"column":31}},"182":{"start":{"line":537,"column":0},"end":{"line":554,"column":2}},"183":{"start":{"line":540,"column":2},"end":{"line":542,"column":3}},"184":{"start":{"line":541,"column":4},"end":{"line":541,"column":54}},"185":{"start":{"line":543,"column":2},"end":{"line":543,"column":25}},"186":{"start":{"line":544,"column":2},"end":{"line":544,"column":39}},"187":{"start":{"line":545,"column":2},"end":{"line":545,"column":31}},"188":{"start":{"line":546,"column":2},"end":{"line":546,"column":39}},"189":{"start":{"line":547,"column":2},"end":{"line":547,"column":64}},"190":{"start":{"line":548,"column":2},"end":{"line":548,"column":58}},"191":{"start":{"line":549,"column":2},"end":{"line":549,"column":79}},"192":{"start":{"line":550,"column":2},"end":{"line":550,"column":73}},"193":{"start":{"line":551,"column":2},"end":{"line":553,"column":3}},"194":{"start":{"line":552,"column":4},"end":{"line":552,"column":59}},"195":{"start":{"line":556,"column":0},"end":{"line":558,"column":2}},"196":{"start":{"line":557,"column":2},"end":{"line":557,"column":27}},"197":{"start":{"line":564,"column":0},"end":{"line":566,"column":2}},"198":{"start":{"line":565,"column":2},"end":{"line":565,"column":23}},"199":{"start":{"line":572,"column":0},"end":{"line":585,"column":2}},"200":{"start":{"line":573,"column":2},"end":{"line":584,"column":3}},"201":{"start":{"line":575,"column":6},"end":{"line":575,"column":28}},"202":{"start":{"line":577,"column":6},"end":{"line":577,"column":27}},"203":{"start":{"line":579,"column":6},"end":{"line":579,"column":26}},"204":{"start":{"line":581,"column":6},"end":{"line":581,"column":26}},"205":{"start":{"line":583,"column":6},"end":{"line":583,"column":57}},"206":{"start":{"line":592,"column":0},"end":{"line":619,"column":2}},"207":{"start":{"line":593,"column":15},"end":{"line":593,"column":17}},"208":{"start":{"line":594,"column":2},"end":{"line":596,"column":3}},"209":{"start":{"line":595,"column":4},"end":{"line":595,"column":58}},"210":{"start":{"line":597,"column":2},"end":{"line":599,"column":3}},"211":{"start":{"line":598,"column":4},"end":{"line":598,"column":31}},"212":{"start":{"line":600,"column":2},"end":{"line":602,"column":3}},"213":{"start":{"line":601,"column":4},"end":{"line":601,"column":75}},"214":{"start":{"line":603,"column":2},"end":{"line":605,"column":3}},"215":{"start":{"line":604,"column":4},"end":{"line":604,"column":79}},"216":{"start":{"line":606,"column":2},"end":{"line":608,"column":3}},"217":{"start":{"line":607,"column":4},"end":{"line":607,"column":77}},"218":{"start":{"line":609,"column":2},"end":{"line":611,"column":3}},"219":{"start":{"line":610,"column":4},"end":{"line":610,"column":73}},"220":{"start":{"line":612,"column":2},"end":{"line":614,"column":3}},"221":{"start":{"line":613,"column":4},"end":{"line":613,"column":86}},"222":{"start":{"line":615,"column":2},"end":{"line":617,"column":3}},"223":{"start":{"line":616,"column":4},"end":{"line":616,"column":82}},"224":{"start":{"line":618,"column":2},"end":{"line":618,"column":45}},"225":{"start":{"line":624,"column":0},"end":{"line":630,"column":2}},"226":{"start":{"line":625,"column":2},"end":{"line":629,"column":3}},"227":{"start":{"line":626,"column":15},"end":{"line":627,"column":55}},"228":{"start":{"line":628,"column":4},"end":{"line":628,"column":28}},"229":{"start":{"line":632,"column":24},"end":{"line":661,"column":3}},"230":{"start":{"line":633,"column":12},"end":{"line":633,"column":14}},"231":{"start":{"line":636,"column":4},"end":{"line":638,"column":5}},"232":{"start":{"line":637,"column":6},"end":{"line":637,"column":47}},"233":{"start":{"line":639,"column":23},"end":{"line":639,"column":45}},"234":{"start":{"line":640,"column":4},"end":{"line":645,"column":5}},"235":{"start":{"line":641,"column":6},"end":{"line":641,"column":33}},"236":{"start":{"line":644,"column":6},"end":{"line":644,"column":33}},"237":{"start":{"line":648,"column":2},"end":{"line":648,"column":24}},"238":{"start":{"line":649,"column":2},"end":{"line":649,"column":24}},"239":{"start":{"line":650,"column":2},"end":{"line":650,"column":28}},"240":{"start":{"line":651,"column":2},"end":{"line":651,"column":28}},"241":{"start":{"line":652,"column":2},"end":{"line":652,"column":28}},"242":{"start":{"line":653,"column":2},"end":{"line":653,"column":23}},"243":{"start":{"line":654,"column":2},"end":{"line":654,"column":25}},"244":{"start":{"line":655,"column":2},"end":{"line":655,"column":23}},"245":{"start":{"line":656,"column":2},"end":{"line":656,"column":23}},"246":{"start":{"line":658,"column":2},"end":{"line":660,"column":4}},"247":{"start":{"line":659,"column":4},"end":{"line":659,"column":25}},"248":{"start":{"line":664,"column":12},"end":{"line":664,"column":22}},"249":{"start":{"line":665,"column":2},"end":{"line":669,"column":3}},"250":{"start":{"line":666,"column":4},"end":{"line":668,"column":5}},"251":{"start":{"line":667,"column":6},"end":{"line":667,"column":18}},"252":{"start":{"line":670,"column":2},"end":{"line":670,"column":15}},"253":{"start":{"line":674,"column":2},"end":{"line":676,"column":3}},"254":{"start":{"line":675,"column":4},"end":{"line":675,"column":15}},"255":{"start":{"line":677,"column":12},"end":{"line":677,"column":14}},"256":{"start":{"line":678,"column":12},"end":{"line":678,"column":22}},"257":{"start":{"line":679,"column":2},"end":{"line":688,"column":3}},"258":{"start":{"line":680,"column":18},"end":{"line":680,"column":53}},"259":{"start":{"line":681,"column":4},"end":{"line":687,"column":5}},"260":{"start":{"line":682,"column":6},"end":{"line":682,"column":17}},"261":{"start":{"line":683,"column":6},"end":{"line":683,"column":21}},"262":{"start":{"line":686,"column":6},"end":{"line":686,"column":27}},"263":{"start":{"line":689,"column":2},"end":{"line":689,"column":13}},"264":{"start":{"line":692,"column":15},"end":{"line":692,"column":26}},"265":{"start":{"line":699,"column":2},"end":{"line":699,"column":81}},"266":{"start":{"line":702,"column":0},"end":{"line":702,"column":22}}},"fnMap":{"0":{"name":"inherit","decl":{"start":{"line":3,"column":9},"end":{"line":3,"column":16}},"loc":{"start":{"line":3,"column":32},"end":{"line":12,"column":1}},"line":3},"1":{"name":"Tree","decl":{"start":{"line":15,"column":9},"end":{"line":15,"column":13}},"loc":{"start":{"line":15,"column":39},"end":{"line":35,"column":1}},"line":15},"2":{"name":"(anonymous_2)","decl":{"start":{"line":21,"column":17},"end":{"line":21,"column":18}},"loc":{"start":{"line":21,"column":32},"end":{"line":23,"column":3}},"line":21},"3":{"name":"(anonymous_3)","decl":{"start":{"line":37,"column":29},"end":{"line":37,"column":30}},"loc":{"start":{"line":37,"column":40},"end":{"line":39,"column":1}},"line":37},"4":{"name":"(anonymous_4)","decl":{"start":{"line":41,"column":32},"end":{"line":41,"column":33}},"loc":{"start":{"line":41,"column":66},"end":{"line":51,"column":1}},"line":41},"5":{"name":"(anonymous_5)","decl":{"start":{"line":53,"column":35},"end":{"line":53,"column":36}},"loc":{"start":{"line":53,"column":61},"end":{"line":57,"column":1}},"line":53},"6":{"name":"(anonymous_6)","decl":{"start":{"line":59,"column":32},"end":{"line":59,"column":33}},"loc":{"start":{"line":59,"column":44},"end":{"line":61,"column":1}},"line":59},"7":{"name":"(anonymous_7)","decl":{"start":{"line":63,"column":33},"end":{"line":63,"column":34}},"loc":{"start":{"line":63,"column":45},"end":{"line":65,"column":1}},"line":63},"8":{"name":"Node","decl":{"start":{"line":79,"column":9},"end":{"line":79,"column":13}},"loc":{"start":{"line":79,"column":58},"end":{"line":115,"column":1}},"line":79},"9":{"name":"NodeState","decl":{"start":{"line":122,"column":9},"end":{"line":122,"column":18}},"loc":{"start":{"line":122,"column":25},"end":{"line":124,"column":1}},"line":122},"10":{"name":"(anonymous_10)","decl":{"start":{"line":125,"column":31},"end":{"line":125,"column":32}},"loc":{"start":{"line":125,"column":42},"end":{"line":127,"column":1}},"line":125},"11":{"name":"(anonymous_11)","decl":{"start":{"line":138,"column":26},"end":{"line":138,"column":27}},"loc":{"start":{"line":138,"column":38},"end":{"line":142,"column":1}},"line":138},"12":{"name":"(anonymous_12)","decl":{"start":{"line":148,"column":36},"end":{"line":148,"column":37}},"loc":{"start":{"line":148,"column":48},"end":{"line":153,"column":1}},"line":148},"13":{"name":"(anonymous_13)","decl":{"start":{"line":160,"column":32},"end":{"line":160,"column":33}},"loc":{"start":{"line":160,"column":51},"end":{"line":180,"column":1}},"line":160},"14":{"name":"(anonymous_14)","decl":{"start":{"line":189,"column":23},"end":{"line":189,"column":24}},"loc":{"start":{"line":189,"column":35},"end":{"line":200,"column":1}},"line":189},"15":{"name":"(anonymous_15)","decl":{"start":{"line":206,"column":33},"end":{"line":206,"column":34}},"loc":{"start":{"line":206,"column":45},"end":{"line":215,"column":1}},"line":206},"16":{"name":"(anonymous_16)","decl":{"start":{"line":222,"column":37},"end":{"line":222,"column":38}},"loc":{"start":{"line":222,"column":49},"end":{"line":224,"column":1}},"line":222},"17":{"name":"(anonymous_17)","decl":{"start":{"line":231,"column":24},"end":{"line":231,"column":25}},"loc":{"start":{"line":231,"column":54},"end":{"line":247,"column":1}},"line":231},"18":{"name":"(anonymous_18)","decl":{"start":{"line":252,"column":28},"end":{"line":252,"column":29}},"loc":{"start":{"line":252,"column":40},"end":{"line":254,"column":1}},"line":252},"19":{"name":"(anonymous_19)","decl":{"start":{"line":260,"column":34},"end":{"line":260,"column":35}},"loc":{"start":{"line":260,"column":46},"end":{"line":269,"column":1}},"line":260},"20":{"name":"(anonymous_20)","decl":{"start":{"line":276,"column":49},"end":{"line":276,"column":50}},"loc":{"start":{"line":276,"column":61},"end":{"line":278,"column":1}},"line":276},"21":{"name":"(anonymous_21)","decl":{"start":{"line":280,"column":33},"end":{"line":280,"column":34}},"loc":{"start":{"line":280,"column":45},"end":{"line":287,"column":1}},"line":280},"22":{"name":"TestSuiteNode","decl":{"start":{"line":301,"column":9},"end":{"line":301,"column":22}},"loc":{"start":{"line":301,"column":67},"end":{"line":318,"column":1}},"line":301},"23":{"name":"(anonymous_23)","decl":{"start":{"line":327,"column":46},"end":{"line":327,"column":47}},"loc":{"start":{"line":327,"column":66},"end":{"line":337,"column":1}},"line":327},"24":{"name":"(anonymous_24)","decl":{"start":{"line":331,"column":28},"end":{"line":331,"column":29}},"loc":{"start":{"line":331,"column":45},"end":{"line":333,"column":5}},"line":331},"25":{"name":"getChildrenByName","decl":{"start":{"line":342,"column":9},"end":{"line":342,"column":26}},"loc":{"start":{"line":342,"column":50},"end":{"line":347,"column":1}},"line":342},"26":{"name":"addChildNode","decl":{"start":{"line":352,"column":9},"end":{"line":352,"column":21}},"loc":{"start":{"line":352,"column":45},"end":{"line":365,"column":1}},"line":352},"27":{"name":"(anonymous_27)","decl":{"start":{"line":371,"column":46},"end":{"line":371,"column":47}},"loc":{"start":{"line":371,"column":58},"end":{"line":373,"column":1}},"line":371},"28":{"name":"(anonymous_28)","decl":{"start":{"line":379,"column":47},"end":{"line":379,"column":48}},"loc":{"start":{"line":379,"column":59},"end":{"line":381,"column":1}},"line":379},"29":{"name":"(anonymous_29)","decl":{"start":{"line":387,"column":58},"end":{"line":387,"column":59}},"loc":{"start":{"line":387,"column":70},"end":{"line":389,"column":1}},"line":387},"30":{"name":"(anonymous_30)","decl":{"start":{"line":398,"column":39},"end":{"line":398,"column":40}},"loc":{"start":{"line":398,"column":84},"end":{"line":410,"column":1}},"line":398},"31":{"name":"(anonymous_31)","decl":{"start":{"line":419,"column":44},"end":{"line":419,"column":45}},"loc":{"start":{"line":419,"column":89},"end":{"line":431,"column":1}},"line":419},"32":{"name":"(anonymous_32)","decl":{"start":{"line":436,"column":42},"end":{"line":436,"column":43}},"loc":{"start":{"line":436,"column":53},"end":{"line":443,"column":1}},"line":436},"33":{"name":"TestNode","decl":{"start":{"line":456,"column":9},"end":{"line":456,"column":17}},"loc":{"start":{"line":456,"column":62},"end":{"line":503,"column":1}},"line":456},"34":{"name":"TestOutcome","decl":{"start":{"line":512,"column":9},"end":{"line":512,"column":20}},"loc":{"start":{"line":512,"column":27},"end":{"line":514,"column":1}},"line":512},"35":{"name":"(anonymous_35)","decl":{"start":{"line":515,"column":33},"end":{"line":515,"column":34}},"loc":{"start":{"line":515,"column":45},"end":{"line":517,"column":1}},"line":515},"36":{"name":"(anonymous_36)","decl":{"start":{"line":537,"column":32},"end":{"line":537,"column":33}},"loc":{"start":{"line":539,"column":76},"end":{"line":554,"column":1}},"line":539},"37":{"name":"(anonymous_37)","decl":{"start":{"line":556,"column":33},"end":{"line":556,"column":34}},"loc":{"start":{"line":556,"column":53},"end":{"line":558,"column":1}},"line":556},"38":{"name":"(anonymous_38)","decl":{"start":{"line":564,"column":41},"end":{"line":564,"column":42}},"loc":{"start":{"line":564,"column":53},"end":{"line":566,"column":1}},"line":564},"39":{"name":"(anonymous_39)","decl":{"start":{"line":572,"column":42},"end":{"line":572,"column":43}},"loc":{"start":{"line":572,"column":54},"end":{"line":585,"column":1}},"line":572},"40":{"name":"(anonymous_40)","decl":{"start":{"line":592,"column":53},"end":{"line":592,"column":54}},"loc":{"start":{"line":592,"column":65},"end":{"line":619,"column":1}},"line":592},"41":{"name":"(anonymous_41)","decl":{"start":{"line":624,"column":31},"end":{"line":624,"column":32}},"loc":{"start":{"line":624,"column":46},"end":{"line":630,"column":1}},"line":624},"42":{"name":"(anonymous_42)","decl":{"start":{"line":632,"column":24},"end":{"line":632,"column":25}},"loc":{"start":{"line":632,"column":36},"end":{"line":661,"column":1}},"line":632},"43":{"name":"addMapping","decl":{"start":{"line":635,"column":11},"end":{"line":635,"column":21}},"loc":{"start":{"line":635,"column":40},"end":{"line":646,"column":3}},"line":635},"44":{"name":"(anonymous_44)","decl":{"start":{"line":658,"column":9},"end":{"line":658,"column":10}},"loc":{"start":{"line":658,"column":29},"end":{"line":660,"column":3}},"line":658},"45":{"name":"isAttributeValueEscapingNeeded","decl":{"start":{"line":663,"column":9},"end":{"line":663,"column":39}},"loc":{"start":{"line":663,"column":45},"end":{"line":671,"column":1}},"line":663},"46":{"name":"escapeAttributeValue","decl":{"start":{"line":673,"column":9},"end":{"line":673,"column":29}},"loc":{"start":{"line":673,"column":35},"end":{"line":690,"column":1}},"line":673},"47":{"name":"isString","decl":{"start":{"line":698,"column":9},"end":{"line":698,"column":17}},"loc":{"start":{"line":698,"column":25},"end":{"line":700,"column":1}},"line":698}},"branchMap":{"0":{"loc":{"start":{"line":29,"column":38},"end":{"line":29,"column":49}},"type":"binary-expr","locations":[{"start":{"line":29,"column":38},"end":{"line":29,"column":44}},{"start":{"line":29,"column":48},"end":{"line":29,"column":49}}],"line":29},"1":{"loc":{"start":{"line":43,"column":2},"end":{"line":45,"column":3}},"type":"if","locations":[{"start":{"line":43,"column":2},"end":{"line":45,"column":3}},{"start":{"line":43,"column":2},"end":{"line":45,"column":3}}],"line":43},"2":{"loc":{"start":{"line":46,"column":2},"end":{"line":48,"column":3}},"type":"if","locations":[{"start":{"line":46,"column":2},"end":{"line":48,"column":3}},{"start":{"line":46,"column":2},"end":{"line":48,"column":3}}],"line":46},"3":{"loc":{"start":{"line":54,"column":2},"end":{"line":56,"column":3}},"type":"if","locations":[{"start":{"line":54,"column":2},"end":{"line":56,"column":3}},{"start":{"line":54,"column":2},"end":{"line":56,"column":3}}],"line":54},"4":{"loc":{"start":{"line":54,"column":6},"end":{"line":54,"column":62}},"type":"binary-expr","locations":[{"start":{"line":54,"column":6},"end":{"line":54,"column":40}},{"start":{"line":54,"column":44},"end":{"line":54,"column":62}}],"line":54},"5":{"loc":{"start":{"line":149,"column":2},"end":{"line":151,"column":3}},"type":"if","locations":[{"start":{"line":149,"column":2},"end":{"line":151,"column":3}},{"start":{"line":149,"column":2},"end":{"line":151,"column":3}}],"line":149},"6":{"loc":{"start":{"line":165,"column":17},"end":{"line":165,"column":49}},"type":"cond-expr","locations":[{"start":{"line":165,"column":31},"end":{"line":165,"column":45}},{"start":{"line":165,"column":48},"end":{"line":165,"column":49}}],"line":165},"7":{"loc":{"start":{"line":169,"column":2},"end":{"line":174,"column":3}},"type":"if","locations":[{"start":{"line":169,"column":2},"end":{"line":174,"column":3}},{"start":{"line":169,"column":2},"end":{"line":174,"column":3}}],"line":169},"8":{"loc":{"start":{"line":171,"column":4},"end":{"line":173,"column":5}},"type":"if","locations":[{"start":{"line":171,"column":4},"end":{"line":173,"column":5}},{"start":{"line":171,"column":4},"end":{"line":173,"column":5}}],"line":171},"9":{"loc":{"start":{"line":175,"column":2},"end":{"line":177,"column":3}},"type":"if","locations":[{"start":{"line":175,"column":2},"end":{"line":177,"column":3}},{"start":{"line":175,"column":2},"end":{"line":177,"column":3}}],"line":175},"10":{"loc":{"start":{"line":190,"column":2},"end":{"line":192,"column":3}},"type":"if","locations":[{"start":{"line":190,"column":2},"end":{"line":192,"column":3}},{"start":{"line":190,"column":2},"end":{"line":192,"column":3}}],"line":190},"11":{"loc":{"start":{"line":193,"column":2},"end":{"line":196,"column":3}},"type":"if","locations":[{"start":{"line":193,"column":2},"end":{"line":196,"column":3}},{"start":{"line":193,"column":2},"end":{"line":196,"column":3}}],"line":193},"12":{"loc":{"start":{"line":207,"column":2},"end":{"line":209,"column":3}},"type":"if","locations":[{"start":{"line":207,"column":2},"end":{"line":209,"column":3}},{"start":{"line":207,"column":2},"end":{"line":209,"column":3}}],"line":207},"13":{"loc":{"start":{"line":210,"column":2},"end":{"line":213,"column":3}},"type":"if","locations":[{"start":{"line":210,"column":2},"end":{"line":213,"column":3}},{"start":{"line":210,"column":2},"end":{"line":213,"column":3}}],"line":210},"14":{"loc":{"start":{"line":232,"column":2},"end":{"line":234,"column":3}},"type":"if","locations":[{"start":{"line":232,"column":2},"end":{"line":234,"column":3}},{"start":{"line":232,"column":2},"end":{"line":234,"column":3}}],"line":232},"15":{"loc":{"start":{"line":235,"column":2},"end":{"line":237,"column":3}},"type":"if","locations":[{"start":{"line":235,"column":2},"end":{"line":237,"column":3}},{"start":{"line":235,"column":2},"end":{"line":237,"column":3}}],"line":235},"16":{"loc":{"start":{"line":235,"column":6},"end":{"line":235,"column":77}},"type":"binary-expr","locations":[{"start":{"line":235,"column":6},"end":{"line":235,"column":41}},{"start":{"line":235,"column":45},"end":{"line":235,"column":77}}],"line":235},"17":{"loc":{"start":{"line":241,"column":2},"end":{"line":246,"column":3}},"type":"if","locations":[{"start":{"line":241,"column":2},"end":{"line":246,"column":3}},{"start":{"line":241,"column":2},"end":{"line":246,"column":3}}],"line":241},"18":{"loc":{"start":{"line":243,"column":4},"end":{"line":245,"column":5}},"type":"if","locations":[{"start":{"line":243,"column":4},"end":{"line":245,"column":5}},{"start":{"line":243,"column":4},"end":{"line":245,"column":5}}],"line":243},"19":{"loc":{"start":{"line":243,"column":8},"end":{"line":243,"column":50}},"type":"binary-expr","locations":[{"start":{"line":243,"column":8},"end":{"line":243,"column":22}},{"start":{"line":243,"column":26},"end":{"line":243,"column":50}}],"line":243},"20":{"loc":{"start":{"line":264,"column":2},"end":{"line":266,"column":3}},"type":"if","locations":[{"start":{"line":264,"column":2},"end":{"line":266,"column":3}},{"start":{"line":264,"column":2},"end":{"line":266,"column":3}}],"line":264},"21":{"loc":{"start":{"line":281,"column":2},"end":{"line":286,"column":3}},"type":"if","locations":[{"start":{"line":281,"column":2},"end":{"line":286,"column":3}},{"start":{"line":281,"column":2},"end":{"line":286,"column":3}}],"line":281},"22":{"loc":{"start":{"line":329,"column":2},"end":{"line":335,"column":3}},"type":"if","locations":[{"start":{"line":329,"column":2},"end":{"line":335,"column":3}},{"start":{"line":329,"column":2},"end":{"line":335,"column":3}}],"line":329},"23":{"loc":{"start":{"line":334,"column":11},"end":{"line":334,"column":36}},"type":"cond-expr","locations":[{"start":{"line":334,"column":19},"end":{"line":334,"column":24}},{"start":{"line":334,"column":27},"end":{"line":334,"column":36}}],"line":334},"24":{"loc":{"start":{"line":343,"column":2},"end":{"line":345,"column":3}},"type":"if","locations":[{"start":{"line":343,"column":2},"end":{"line":345,"column":3}},{"start":{"line":343,"column":2},"end":{"line":345,"column":3}}],"line":343},"25":{"loc":{"start":{"line":355,"column":2},"end":{"line":364,"column":3}},"type":"if","locations":[{"start":{"line":355,"column":2},"end":{"line":364,"column":3}},{"start":{"line":355,"column":2},"end":{"line":364,"column":3}}],"line":355},"26":{"loc":{"start":{"line":356,"column":4},"end":{"line":359,"column":5}},"type":"if","locations":[{"start":{"line":356,"column":4},"end":{"line":359,"column":5}},{"start":{"line":356,"column":4},"end":{"line":359,"column":5}}],"line":356},"27":{"loc":{"start":{"line":399,"column":2},"end":{"line":401,"column":3}},"type":"if","locations":[{"start":{"line":399,"column":2},"end":{"line":401,"column":3}},{"start":{"line":399,"column":2},"end":{"line":401,"column":3}}],"line":399},"28":{"loc":{"start":{"line":403,"column":2},"end":{"line":405,"column":3}},"type":"if","locations":[{"start":{"line":403,"column":2},"end":{"line":405,"column":3}},{"start":{"line":403,"column":2},"end":{"line":405,"column":3}}],"line":403},"29":{"loc":{"start":{"line":420,"column":2},"end":{"line":422,"column":3}},"type":"if","locations":[{"start":{"line":420,"column":2},"end":{"line":422,"column":3}},{"start":{"line":420,"column":2},"end":{"line":422,"column":3}}],"line":420},"30":{"loc":{"start":{"line":424,"column":2},"end":{"line":426,"column":3}},"type":"if","locations":[{"start":{"line":424,"column":2},"end":{"line":426,"column":3}},{"start":{"line":424,"column":2},"end":{"line":426,"column":3}}],"line":424},"31":{"loc":{"start":{"line":438,"column":2},"end":{"line":442,"column":3}},"type":"if","locations":[{"start":{"line":438,"column":2},"end":{"line":442,"column":3}},{"start":{"line":438,"column":2},"end":{"line":442,"column":3}}],"line":438},"32":{"loc":{"start":{"line":439,"column":4},"end":{"line":441,"column":5}},"type":"if","locations":[{"start":{"line":439,"column":4},"end":{"line":441,"column":5}},{"start":{"line":439,"column":4},"end":{"line":441,"column":5}}],"line":439},"33":{"loc":{"start":{"line":540,"column":2},"end":{"line":542,"column":3}},"type":"if","locations":[{"start":{"line":540,"column":2},"end":{"line":542,"column":3}},{"start":{"line":540,"column":2},"end":{"line":542,"column":3}}],"line":540},"34":{"loc":{"start":{"line":547,"column":21},"end":{"line":547,"column":63}},"type":"cond-expr","locations":[{"start":{"line":547,"column":45},"end":{"line":547,"column":56}},{"start":{"line":547,"column":59},"end":{"line":547,"column":63}}],"line":547},"35":{"loc":{"start":{"line":548,"column":19},"end":{"line":548,"column":57}},"type":"cond-expr","locations":[{"start":{"line":548,"column":41},"end":{"line":548,"column":50}},{"start":{"line":548,"column":53},"end":{"line":548,"column":57}}],"line":548},"36":{"loc":{"start":{"line":549,"column":26},"end":{"line":549,"column":78}},"type":"cond-expr","locations":[{"start":{"line":549,"column":55},"end":{"line":549,"column":71}},{"start":{"line":549,"column":74},"end":{"line":549,"column":78}}],"line":549},"37":{"loc":{"start":{"line":550,"column":24},"end":{"line":550,"column":72}},"type":"cond-expr","locations":[{"start":{"line":550,"column":51},"end":{"line":550,"column":65}},{"start":{"line":550,"column":68},"end":{"line":550,"column":72}}],"line":550},"38":{"loc":{"start":{"line":551,"column":2},"end":{"line":553,"column":3}},"type":"if","locations":[{"start":{"line":551,"column":2},"end":{"line":553,"column":3}},{"start":{"line":551,"column":2},"end":{"line":553,"column":3}}],"line":551},"39":{"loc":{"start":{"line":551,"column":6},"end":{"line":551,"column":52}},"type":"binary-expr","locations":[{"start":{"line":551,"column":6},"end":{"line":551,"column":37}},{"start":{"line":551,"column":41},"end":{"line":551,"column":52}}],"line":551},"40":{"loc":{"start":{"line":573,"column":2},"end":{"line":584,"column":3}},"type":"switch","locations":[{"start":{"line":574,"column":4},"end":{"line":575,"column":28}},{"start":{"line":576,"column":4},"end":{"line":577,"column":27}},{"start":{"line":578,"column":4},"end":{"line":579,"column":26}},{"start":{"line":580,"column":4},"end":{"line":581,"column":26}},{"start":{"line":582,"column":4},"end":{"line":583,"column":57}}],"line":573},"41":{"loc":{"start":{"line":594,"column":2},"end":{"line":596,"column":3}},"type":"if","locations":[{"start":{"line":594,"column":2},"end":{"line":596,"column":3}},{"start":{"line":594,"column":2},"end":{"line":596,"column":3}}],"line":594},"42":{"loc":{"start":{"line":597,"column":2},"end":{"line":599,"column":3}},"type":"if","locations":[{"start":{"line":597,"column":2},"end":{"line":599,"column":3}},{"start":{"line":597,"column":2},"end":{"line":599,"column":3}}],"line":597},"43":{"loc":{"start":{"line":600,"column":2},"end":{"line":602,"column":3}},"type":"if","locations":[{"start":{"line":600,"column":2},"end":{"line":602,"column":3}},{"start":{"line":600,"column":2},"end":{"line":602,"column":3}}],"line":600},"44":{"loc":{"start":{"line":603,"column":2},"end":{"line":605,"column":3}},"type":"if","locations":[{"start":{"line":603,"column":2},"end":{"line":605,"column":3}},{"start":{"line":603,"column":2},"end":{"line":605,"column":3}}],"line":603},"45":{"loc":{"start":{"line":606,"column":2},"end":{"line":608,"column":3}},"type":"if","locations":[{"start":{"line":606,"column":2},"end":{"line":608,"column":3}},{"start":{"line":606,"column":2},"end":{"line":608,"column":3}}],"line":606},"46":{"loc":{"start":{"line":609,"column":2},"end":{"line":611,"column":3}},"type":"if","locations":[{"start":{"line":609,"column":2},"end":{"line":611,"column":3}},{"start":{"line":609,"column":2},"end":{"line":611,"column":3}}],"line":609},"47":{"loc":{"start":{"line":612,"column":2},"end":{"line":614,"column":3}},"type":"if","locations":[{"start":{"line":612,"column":2},"end":{"line":614,"column":3}},{"start":{"line":612,"column":2},"end":{"line":614,"column":3}}],"line":612},"48":{"loc":{"start":{"line":615,"column":2},"end":{"line":617,"column":3}},"type":"if","locations":[{"start":{"line":615,"column":2},"end":{"line":617,"column":3}},{"start":{"line":615,"column":2},"end":{"line":617,"column":3}}],"line":615},"49":{"loc":{"start":{"line":618,"column":9},"end":{"line":618,"column":44}},"type":"cond-expr","locations":[{"start":{"line":618,"column":31},"end":{"line":618,"column":35}},{"start":{"line":618,"column":38},"end":{"line":618,"column":44}}],"line":618},"50":{"loc":{"start":{"line":625,"column":2},"end":{"line":629,"column":3}},"type":"if","locations":[{"start":{"line":625,"column":2},"end":{"line":629,"column":3}},{"start":{"line":625,"column":2},"end":{"line":629,"column":3}}],"line":625},"51":{"loc":{"start":{"line":636,"column":4},"end":{"line":638,"column":5}},"type":"if","locations":[{"start":{"line":636,"column":4},"end":{"line":638,"column":5}},{"start":{"line":636,"column":4},"end":{"line":638,"column":5}}],"line":636},"52":{"loc":{"start":{"line":636,"column":8},"end":{"line":636,"column":52}},"type":"binary-expr","locations":[{"start":{"line":636,"column":8},"end":{"line":636,"column":29}},{"start":{"line":636,"column":33},"end":{"line":636,"column":52}}],"line":636},"53":{"loc":{"start":{"line":640,"column":4},"end":{"line":645,"column":5}},"type":"if","locations":[{"start":{"line":640,"column":4},"end":{"line":645,"column":5}},{"start":{"line":640,"column":4},"end":{"line":645,"column":5}}],"line":640},"54":{"loc":{"start":{"line":666,"column":4},"end":{"line":668,"column":5}},"type":"if","locations":[{"start":{"line":666,"column":4},"end":{"line":668,"column":5}},{"start":{"line":666,"column":4},"end":{"line":668,"column":5}}],"line":666},"55":{"loc":{"start":{"line":674,"column":2},"end":{"line":676,"column":3}},"type":"if","locations":[{"start":{"line":674,"column":2},"end":{"line":676,"column":3}},{"start":{"line":674,"column":2},"end":{"line":676,"column":3}}],"line":674},"56":{"loc":{"start":{"line":681,"column":4},"end":{"line":687,"column":5}},"type":"if","locations":[{"start":{"line":681,"column":4},"end":{"line":687,"column":5}},{"start":{"line":681,"column":4},"end":{"line":687,"column":5}}],"line":681},"57":{"loc":{"start":{"line":699,"column":9},"end":{"line":699,"column":80}},"type":"binary-expr","locations":[{"start":{"line":699,"column":9},"end":{"line":699,"column":34}},{"start":{"line":699,"column":38},"end":{"line":699,"column":80}}],"line":699}},"s":{"0":1,"1":2,"2":1,"3":1,"4":6,"5":1,"6":1,"7":1,"8":1,"9":1,"10":0,"11":0,"12":0,"13":0,"14":0,"15":0,"16":0,"17":1,"18":1,"19":1,"20":1,"21":0,"22":1,"23":0,"24":3,"25":3,"26":3,"27":3,"28":3,"29":3,"30":3,"31":4,"32":1,"33":0,"34":1,"35":1,"36":1,"37":1,"38":1,"39":0,"40":0,"41":0,"42":1,"43":0,"44":0,"45":0,"46":1,"47":2,"48":2,"49":2,"50":2,"51":2,"52":2,"53":2,"54":2,"55":2,"56":2,"57":2,"58":2,"59":2,"60":0,"61":2,"62":2,"63":1,"64":2,"65":0,"66":2,"67":0,"68":2,"69":2,"70":2,"71":1,"72":2,"73":2,"74":0,"75":0,"76":0,"77":0,"78":1,"79":0,"80":1,"81":3,"82":1,"83":2,"84":0,"85":2,"86":2,"87":2,"88":2,"89":0,"90":0,"91":0,"92":1,"93":0,"94":1,"95":2,"96":2,"97":2,"98":2,"99":1,"100":2,"101":2,"102":1,"103":0,"104":1,"105":0,"106":0,"107":0,"108":0,"109":2,"110":2,"111":2,"112":2,"113":1,"114":1,"115":0,"116":0,"117":0,"118":0,"119":0,"120":0,"121":2,"122":0,"123":2,"124":2,"125":2,"126":2,"127":0,"128":0,"129":0,"130":0,"131":2,"132":1,"133":1,"134":1,"135":1,"136":1,"137":1,"138":1,"139":1,"140":0,"141":1,"142":1,"143":1,"144":1,"145":1,"146":1,"147":1,"148":1,"149":1,"150":0,"151":1,"152":1,"153":1,"154":1,"155":1,"156":1,"157":1,"158":1,"159":0,"160":0,"161":0,"162":0,"163":1,"164":1,"165":1,"166":1,"167":1,"168":1,"169":1,"170":1,"171":1,"172":1,"173":1,"174":4,"175":1,"176":0,"177":1,"178":1,"179":1,"180":1,"181":1,"182":1,"183":1,"184":0,"185":1,"186":1,"187":1,"188":1,"189":1,"190":1,"191":1,"192":1,"193":1,"194":0,"195":1,"196":0,"197":1,"198":1,"199":1,"200":1,"201":1,"202":0,"203":0,"204":0,"205":0,"206":1,"207":1,"208":1,"209":1,"210":1,"211":0,"212":1,"213":0,"214":1,"215":0,"216":1,"217":0,"218":1,"219":0,"220":1,"221":0,"222":1,"223":0,"224":1,"225":1,"226":0,"227":0,"228":0,"229":1,"230":1,"231":9,"232":0,"233":9,"234":9,"235":9,"236":0,"237":1,"238":1,"239":1,"240":1,"241":1,"242":1,"243":1,"244":1,"245":1,"246":1,"247":234,"248":4,"249":4,"250":234,"251":0,"252":4,"253":4,"254":4,"255":0,"256":0,"257":0,"258":0,"259":0,"260":0,"261":0,"262":0,"263":0,"264":1,"265":12,"266":1},"f":{"0":2,"1":1,"2":6,"3":1,"4":0,"5":1,"6":0,"7":0,"8":3,"9":4,"10":0,"11":0,"12":0,"13":2,"14":2,"15":2,"16":0,"17":3,"18":0,"19":2,"20":0,"21":0,"22":2,"23":0,"24":0,"25":2,"26":2,"27":1,"28":1,"29":1,"30":1,"31":1,"32":0,"33":1,"34":4,"35":0,"36":1,"37":0,"38":1,"39":1,"40":1,"41":0,"42":1,"43":9,"44":234,"45":4,"46":4,"47":12},"b":{"0":[1,0],"1":[0,0],"2":[0,0],"3":[1,0],"4":[1,1],"5":[0,0],"6":[2,0],"7":[2,0],"8":[2,0],"9":[0,2],"10":[0,2],"11":[0,2],"12":[2,0],"13":[0,0],"14":[1,2],"15":[0,2],"16":[2,2],"17":[0,2],"18":[0,0],"19":[0,0],"20":[1,1],"21":[0,0],"22":[0,0],"23":[0,0],"24":[0,2],"25":[0,2],"26":[0,0],"27":[0,1],"28":[1,0],"29":[0,1],"30":[1,0],"31":[0,0],"32":[0,0],"33":[0,1],"34":[0,1],"35":[0,1],"36":[0,1],"37":[0,1],"38":[0,1],"39":[1,0],"40":[1,0,0,0,0],"41":[1,0],"42":[0,1],"43":[0,1],"44":[0,1],"45":[0,1],"46":[0,1],"47":[0,1],"48":[0,1],"49":[0,1],"50":[0,0],"51":[0,9],"52":[9,9],"53":[9,0],"54":[0,234],"55":[4,0],"56":[0,0],"57":[12,12]},"_coverageSchema":"332fd63041d2c1bcb487cc26dd0d5f7d97098a6c","hash":"d204828f794d9abae76afcf4fac198435a804c00"}
,"C:\\Program Files\\JetBrains\\IntelliJ IDEA 2018.3\\plugins\\JavaScriptLanguage\\helpers\\base-test-reporter\\intellij-util.js": {"path":"C:\\Program Files\\JetBrains\\IntelliJ IDEA 2018.3\\plugins\\JavaScriptLanguage\\helpers\\base-test-reporter\\intellij-util.js","statementMap":{"0":{"start":{"line":1,"column":15},"end":{"line":1,"column":26}},"1":{"start":{"line":8,"column":2},"end":{"line":8,"column":81}},"2":{"start":{"line":19,"column":2},"end":{"line":21,"column":3}},"3":{"start":{"line":20,"column":4},"end":{"line":20,"column":14}},"4":{"start":{"line":22,"column":2},"end":{"line":24,"column":3}},"5":{"start":{"line":23,"column":4},"end":{"line":23,"column":97}},"6":{"start":{"line":25,"column":21},"end":{"line":25,"column":26}},"7":{"start":{"line":26,"column":19},"end":{"line":26,"column":23}},"8":{"start":{"line":27,"column":23},"end":{"line":27,"column":47}},"9":{"start":{"line":28,"column":26},"end":{"line":28,"column":53}},"10":{"start":{"line":29,"column":15},"end":{"line":29,"column":17}},"11":{"start":{"line":34,"column":2},"end":{"line":49,"column":3}},"12":{"start":{"line":35,"column":4},"end":{"line":37,"column":5}},"13":{"start":{"line":36,"column":6},"end":{"line":36,"column":30}},"14":{"start":{"line":38,"column":4},"end":{"line":38,"column":24}},"15":{"start":{"line":39,"column":4},"end":{"line":39,"column":24}},"16":{"start":{"line":40,"column":4},"end":{"line":40,"column":29}},"17":{"start":{"line":41,"column":4},"end":{"line":48,"column":5}},"18":{"start":{"line":42,"column":6},"end":{"line":42,"column":26}},"19":{"start":{"line":43,"column":6},"end":{"line":43,"column":34}},"20":{"start":{"line":44,"column":6},"end":{"line":46,"column":7}},"21":{"start":{"line":45,"column":8},"end":{"line":45,"column":29}},"22":{"start":{"line":47,"column":6},"end":{"line":47,"column":19}},"23":{"start":{"line":50,"column":2},"end":{"line":50,"column":16}},"24":{"start":{"line":53,"column":0},"end":{"line":53,"column":28}},"25":{"start":{"line":54,"column":0},"end":{"line":54,"column":28}}},"fnMap":{"0":{"name":"isString","decl":{"start":{"line":7,"column":9},"end":{"line":7,"column":17}},"loc":{"start":{"line":7,"column":25},"end":{"line":9,"column":1}},"line":7},"1":{"name":"joinList","decl":{"start":{"line":18,"column":9},"end":{"line":18,"column":17}},"loc":{"start":{"line":18,"column":67},"end":{"line":51,"column":1}},"line":18}},"branchMap":{"0":{"loc":{"start":{"line":8,"column":9},"end":{"line":8,"column":80}},"type":"binary-expr","locations":[{"start":{"line":8,"column":9},"end":{"line":8,"column":34}},{"start":{"line":8,"column":38},"end":{"line":8,"column":80}}],"line":8},"1":{"loc":{"start":{"line":19,"column":2},"end":{"line":21,"column":3}},"type":"if","locations":[{"start":{"line":19,"column":2},"end":{"line":21,"column":3}},{"start":{"line":19,"column":2},"end":{"line":21,"column":3}}],"line":19},"2":{"loc":{"start":{"line":22,"column":2},"end":{"line":24,"column":3}},"type":"if","locations":[{"start":{"line":22,"column":2},"end":{"line":24,"column":3}},{"start":{"line":22,"column":2},"end":{"line":24,"column":3}}],"line":22},"3":{"loc":{"start":{"line":35,"column":4},"end":{"line":37,"column":5}},"type":"if","locations":[{"start":{"line":35,"column":4},"end":{"line":37,"column":5}},{"start":{"line":35,"column":4},"end":{"line":37,"column":5}}],"line":35},"4":{"loc":{"start":{"line":44,"column":6},"end":{"line":46,"column":7}},"type":"if","locations":[{"start":{"line":44,"column":6},"end":{"line":46,"column":7}},{"start":{"line":44,"column":6},"end":{"line":46,"column":7}}],"line":44},"5":{"loc":{"start":{"line":44,"column":10},"end":{"line":44,"column":67}},"type":"binary-expr","locations":[{"start":{"line":44,"column":10},"end":{"line":44,"column":38}},{"start":{"line":44,"column":42},"end":{"line":44,"column":67}}],"line":44}},"s":{"0":1,"1":2,"2":2,"3":0,"4":2,"5":0,"6":2,"7":2,"8":2,"9":2,"10":2,"11":2,"12":5,"13":3,"14":5,"15":5,"16":5,"17":5,"18":190,"19":190,"20":190,"21":20,"22":190,"23":2,"24":1,"25":1},"f":{"0":2,"1":2},"b":{"0":[2,0],"1":[0,2],"2":[0,2],"3":[3,2],"4":[20,170],"5":[190,186]},"_coverageSchema":"332fd63041d2c1bcb487cc26dd0d5f7d97098a6c","hash":"cd06c74ed782626f28c424ad95178fae1ce8e204"}
,"C:\\Program Files\\JetBrains\\IntelliJ IDEA 2018.3\\plugins\\JavaScriptLanguage\\helpers\\jest-intellij\\lib\\jest-intellij-jasmine.js": {"path":"C:\\Program Files\\JetBrains\\IntelliJ IDEA 2018.3\\plugins\\JavaScriptLanguage\\helpers\\jest-intellij\\lib\\jest-intellij-jasmine.js","statementMap":{"0":{"start":{"line":1,"column":13},"end":{"line":1,"column":62}},"1":{"start":{"line":2,"column":18},"end":{"line":2,"column":74}},"2":{"start":{"line":3,"column":11},"end":{"line":3,"column":60}},"3":{"start":{"line":4,"column":23},"end":{"line":4,"column":54}},"4":{"start":{"line":5,"column":25},"end":{"line":5,"column":66}},"5":{"start":{"line":6,"column":25},"end":{"line":6,"column":66}},"6":{"start":{"line":7,"column":22},"end":{"line":7,"column":61}},"7":{"start":{"line":8,"column":14},"end":{"line":8,"column":33}},"8":{"start":{"line":11,"column":16},"end":{"line":11,"column":31}},"9":{"start":{"line":12,"column":2},"end":{"line":14,"column":3}},"10":{"start":{"line":13,"column":4},"end":{"line":13,"column":16}},"11":{"start":{"line":15,"column":2},"end":{"line":15,"column":40}},"12":{"start":{"line":16,"column":12},"end":{"line":16,"column":54}},"13":{"start":{"line":17,"column":2},"end":{"line":19,"column":3}},"14":{"start":{"line":18,"column":4},"end":{"line":18,"column":57}},"15":{"start":{"line":20,"column":2},"end":{"line":26,"column":3}},"16":{"start":{"line":21,"column":4},"end":{"line":25,"column":5}},"17":{"start":{"line":22,"column":6},"end":{"line":22,"column":91}},"18":{"start":{"line":27,"column":2},"end":{"line":27,"column":14}},"19":{"start":{"line":31,"column":16},"end":{"line":31,"column":47}},"20":{"start":{"line":32,"column":14},"end":{"line":32,"column":43}},"21":{"start":{"line":33,"column":2},"end":{"line":35,"column":3}},"22":{"start":{"line":34,"column":4},"end":{"line":34,"column":44}},"23":{"start":{"line":36,"column":2},"end":{"line":42,"column":3}},"24":{"start":{"line":37,"column":18},"end":{"line":37,"column":39}},"25":{"start":{"line":38,"column":4},"end":{"line":41,"column":5}},"26":{"start":{"line":39,"column":6},"end":{"line":39,"column":43}},"27":{"start":{"line":40,"column":6},"end":{"line":40,"column":44}},"28":{"start":{"line":43,"column":2},"end":{"line":46,"column":3}},"29":{"start":{"line":44,"column":20},"end":{"line":44,"column":79}},"30":{"start":{"line":45,"column":4},"end":{"line":45,"column":92}},"31":{"start":{"line":48,"column":2},"end":{"line":55,"column":3}},"32":{"start":{"line":49,"column":4},"end":{"line":49,"column":62}},"33":{"start":{"line":50,"column":4},"end":{"line":50,"column":58}},"34":{"start":{"line":53,"column":4},"end":{"line":53,"column":42}},"35":{"start":{"line":54,"column":4},"end":{"line":54,"column":38}},"36":{"start":{"line":56,"column":2},"end":{"line":56,"column":78}},"37":{"start":{"line":60,"column":2},"end":{"line":62,"column":3}},"38":{"start":{"line":61,"column":4},"end":{"line":61,"column":28}},"39":{"start":{"line":63,"column":2},"end":{"line":74,"column":3}},"40":{"start":{"line":64,"column":27},"end":{"line":64,"column":63}},"41":{"start":{"line":65,"column":4},"end":{"line":73,"column":5}},"42":{"start":{"line":66,"column":26},"end":{"line":66,"column":48}},"43":{"start":{"line":67,"column":6},"end":{"line":72,"column":7}},"44":{"start":{"line":68,"column":22},"end":{"line":68,"column":39}},"45":{"start":{"line":69,"column":8},"end":{"line":71,"column":9}},"46":{"start":{"line":70,"column":10},"end":{"line":70,"column":32}},"47":{"start":{"line":78,"column":13},"end":{"line":78,"column":30}},"48":{"start":{"line":79,"column":2},"end":{"line":81,"column":3}},"49":{"start":{"line":80,"column":4},"end":{"line":80,"column":43}},"50":{"start":{"line":82,"column":2},"end":{"line":82,"column":31}},"51":{"start":{"line":85,"column":0},"end":{"line":100,"column":5}},"52":{"start":{"line":86,"column":39},"end":{"line":86,"column":97}},"53":{"start":{"line":87,"column":2},"end":{"line":89,"column":3}},"54":{"start":{"line":88,"column":4},"end":{"line":88,"column":42}},"55":{"start":{"line":91,"column":23},"end":{"line":91,"column":40}},"56":{"start":{"line":92,"column":2},"end":{"line":99,"column":3}},"57":{"start":{"line":93,"column":17},"end":{"line":93,"column":85}},"58":{"start":{"line":94,"column":4},"end":{"line":94,"column":23}},"59":{"start":{"line":95,"column":4},"end":{"line":95,"column":74}},"60":{"start":{"line":98,"column":4},"end":{"line":98,"column":56}},"61":{"start":{"line":104,"column":4},"end":{"line":104,"column":40}},"62":{"start":{"line":105,"column":4},"end":{"line":107,"column":5}},"63":{"start":{"line":106,"column":6},"end":{"line":106,"column":32}},"64":{"start":{"line":109,"column":2},"end":{"line":116,"column":5}},"65":{"start":{"line":117,"column":2},"end":{"line":117,"column":21}},"66":{"start":{"line":124,"column":23},"end":{"line":124,"column":25}},"67":{"start":{"line":125,"column":2},"end":{"line":125,"column":64}},"68":{"start":{"line":126,"column":2},"end":{"line":129,"column":4}},"69":{"start":{"line":127,"column":15},"end":{"line":127,"column":38}},"70":{"start":{"line":128,"column":4},"end":{"line":128,"column":33}},"71":{"start":{"line":130,"column":2},"end":{"line":130,"column":19}},"72":{"start":{"line":131,"column":2},"end":{"line":131,"column":35}},"73":{"start":{"line":132,"column":2},"end":{"line":132,"column":36}},"74":{"start":{"line":133,"column":2},"end":{"line":133,"column":21}},"75":{"start":{"line":136,"column":0},"end":{"line":138,"column":3}},"76":{"start":{"line":137,"column":2},"end":{"line":137,"column":62}},"77":{"start":{"line":140,"column":0},"end":{"line":145,"column":3}},"78":{"start":{"line":141,"column":23},"end":{"line":142,"column":90}},"79":{"start":{"line":143,"column":20},"end":{"line":143,"column":102}},"80":{"start":{"line":144,"column":2},"end":{"line":144,"column":36}},"81":{"start":{"line":147,"column":0},"end":{"line":159,"column":3}},"82":{"start":{"line":148,"column":20},"end":{"line":148,"column":41}},"83":{"start":{"line":149,"column":2},"end":{"line":151,"column":3}},"84":{"start":{"line":150,"column":4},"end":{"line":150,"column":46}},"85":{"start":{"line":152,"column":2},"end":{"line":154,"column":3}},"86":{"start":{"line":153,"column":4},"end":{"line":153,"column":104}},"87":{"start":{"line":155,"column":2},"end":{"line":157,"column":3}},"88":{"start":{"line":156,"column":4},"end":{"line":156,"column":28}},"89":{"start":{"line":158,"column":2},"end":{"line":158,"column":43}},"90":{"start":{"line":162,"column":2},"end":{"line":165,"column":3}},"91":{"start":{"line":163,"column":4},"end":{"line":163,"column":44}},"92":{"start":{"line":164,"column":4},"end":{"line":164,"column":18}},"93":{"start":{"line":171,"column":0},"end":{"line":190,"column":3}},"94":{"start":{"line":172,"column":2},"end":{"line":174,"column":3}},"95":{"start":{"line":173,"column":4},"end":{"line":173,"column":11}},"96":{"start":{"line":175,"column":2},"end":{"line":175,"column":61}},"97":{"start":{"line":176,"column":23},"end":{"line":177,"column":90}},"98":{"start":{"line":178,"column":19},"end":{"line":178,"column":95}},"99":{"start":{"line":179,"column":2},"end":{"line":184,"column":3}},"100":{"start":{"line":180,"column":4},"end":{"line":180,"column":45}},"101":{"start":{"line":183,"column":4},"end":{"line":183,"column":36}},"102":{"start":{"line":185,"column":2},"end":{"line":185,"column":19}},"103":{"start":{"line":186,"column":2},"end":{"line":188,"column":3}},"104":{"start":{"line":187,"column":4},"end":{"line":187,"column":78}},"105":{"start":{"line":189,"column":2},"end":{"line":189,"column":38}},"106":{"start":{"line":193,"column":2},"end":{"line":203,"column":3}},"107":{"start":{"line":194,"column":4},"end":{"line":199,"column":5}},"108":{"start":{"line":195,"column":6},"end":{"line":195,"column":42}},"109":{"start":{"line":198,"column":6},"end":{"line":198,"column":66}},"110":{"start":{"line":202,"column":4},"end":{"line":202,"column":73}},"111":{"start":{"line":209,"column":0},"end":{"line":241,"column":3}},"112":{"start":{"line":210,"column":19},"end":{"line":210,"column":43}},"113":{"start":{"line":211,"column":2},"end":{"line":216,"column":3}},"114":{"start":{"line":212,"column":4},"end":{"line":214,"column":5}},"115":{"start":{"line":213,"column":6},"end":{"line":213,"column":13}},"116":{"start":{"line":215,"column":4},"end":{"line":215,"column":59}},"117":{"start":{"line":217,"column":25},"end":{"line":217,"column":55}},"118":{"start":{"line":219,"column":2},"end":{"line":228,"column":3}},"119":{"start":{"line":220,"column":30},"end":{"line":220,"column":58}},"120":{"start":{"line":221,"column":23},"end":{"line":221,"column":87}},"121":{"start":{"line":222,"column":4},"end":{"line":222,"column":40}},"122":{"start":{"line":223,"column":4},"end":{"line":223,"column":38}},"123":{"start":{"line":224,"column":4},"end":{"line":227,"column":5}},"124":{"start":{"line":225,"column":6},"end":{"line":225,"column":63}},"125":{"start":{"line":226,"column":6},"end":{"line":226,"column":59}},"126":{"start":{"line":230,"column":2},"end":{"line":238,"column":3}},"127":{"start":{"line":231,"column":4},"end":{"line":231,"column":39}},"128":{"start":{"line":233,"column":7},"end":{"line":238,"column":3}},"129":{"start":{"line":234,"column":4},"end":{"line":234,"column":39}},"130":{"start":{"line":237,"column":4},"end":{"line":237,"column":38}},"131":{"start":{"line":239,"column":2},"end":{"line":239,"column":115}},"132":{"start":{"line":240,"column":2},"end":{"line":240,"column":25}},"133":{"start":{"line":243,"column":0},"end":{"line":245,"column":3}},"134":{"start":{"line":244,"column":2},"end":{"line":244,"column":31}},"135":{"start":{"line":248,"column":2},"end":{"line":254,"column":4}},"136":{"start":{"line":249,"column":4},"end":{"line":253,"column":5}},"137":{"start":{"line":250,"column":6},"end":{"line":250,"column":39}},"138":{"start":{"line":252,"column":6},"end":{"line":252,"column":41}},"139":{"start":{"line":258,"column":14},"end":{"line":258,"column":57}},"140":{"start":{"line":259,"column":2},"end":{"line":269,"column":3}},"141":{"start":{"line":260,"column":4},"end":{"line":260,"column":28}},"142":{"start":{"line":263,"column":4},"end":{"line":268,"column":5}},"143":{"start":{"line":264,"column":6},"end":{"line":264,"column":30}}},"fnMap":{"0":{"name":"requireJestPackage","decl":{"start":{"line":10,"column":9},"end":{"line":10,"column":27}},"loc":{"start":{"line":10,"column":51},"end":{"line":28,"column":1}},"line":10},"1":{"name":"normalizeFailedExpectation","decl":{"start":{"line":30,"column":9},"end":{"line":30,"column":35}},"loc":{"start":{"line":30,"column":69},"end":{"line":57,"column":1}},"line":30},"2":{"name":"getTestFilePath","decl":{"start":{"line":59,"column":9},"end":{"line":59,"column":24}},"loc":{"start":{"line":59,"column":27},"end":{"line":75,"column":1}},"line":59},"3":{"name":"getUniqueTestFileRunId","decl":{"start":{"line":77,"column":9},"end":{"line":77,"column":31}},"loc":{"start":{"line":77,"column":34},"end":{"line":83,"column":1}},"line":77},"4":{"name":"(anonymous_4)","decl":{"start":{"line":85,"column":1},"end":{"line":85,"column":2}},"loc":{"start":{"line":85,"column":13},"end":{"line":100,"column":1}},"line":85},"5":{"name":"createdPatchedSpec","decl":{"start":{"line":102,"column":9},"end":{"line":102,"column":27}},"loc":{"start":{"line":102,"column":52},"end":{"line":118,"column":1}},"line":102},"6":{"name":"PatchedSpec","decl":{"start":{"line":103,"column":11},"end":{"line":103,"column":22}},"loc":{"start":{"line":103,"column":30},"end":{"line":108,"column":3}},"line":103},"7":{"name":"JasmineReporter","decl":{"start":{"line":123,"column":9},"end":{"line":123,"column":24}},"loc":{"start":{"line":123,"column":45},"end":{"line":134,"column":1}},"line":123},"8":{"name":"(anonymous_8)","decl":{"start":{"line":126,"column":24},"end":{"line":126,"column":25}},"loc":{"start":{"line":126,"column":42},"end":{"line":129,"column":3}},"line":126},"9":{"name":"(anonymous_9)","decl":{"start":{"line":136,"column":50},"end":{"line":136,"column":51}},"loc":{"start":{"line":136,"column":69},"end":{"line":138,"column":1}},"line":136},"10":{"name":"(anonymous_10)","decl":{"start":{"line":140,"column":48},"end":{"line":140,"column":49}},"loc":{"start":{"line":140,"column":66},"end":{"line":145,"column":1}},"line":140},"11":{"name":"(anonymous_11)","decl":{"start":{"line":147,"column":45},"end":{"line":147,"column":46}},"loc":{"start":{"line":147,"column":63},"end":{"line":159,"column":1}},"line":147},"12":{"name":"startAncestorSuites","decl":{"start":{"line":161,"column":9},"end":{"line":161,"column":28}},"loc":{"start":{"line":161,"column":42},"end":{"line":166,"column":1}},"line":161},"13":{"name":"(anonymous_13)","decl":{"start":{"line":171,"column":47},"end":{"line":171,"column":48}},"loc":{"start":{"line":171,"column":65},"end":{"line":190,"column":1}},"line":171},"14":{"name":"passedTime","decl":{"start":{"line":192,"column":9},"end":{"line":192,"column":19}},"loc":{"start":{"line":192,"column":31},"end":{"line":204,"column":1}},"line":192},"15":{"name":"(anonymous_15)","decl":{"start":{"line":209,"column":44},"end":{"line":209,"column":45}},"loc":{"start":{"line":209,"column":62},"end":{"line":241,"column":1}},"line":209},"16":{"name":"(anonymous_16)","decl":{"start":{"line":243,"column":47},"end":{"line":243,"column":48}},"loc":{"start":{"line":243,"column":59},"end":{"line":245,"column":1}},"line":243},"17":{"name":"safeFn","decl":{"start":{"line":247,"column":9},"end":{"line":247,"column":15}},"loc":{"start":{"line":247,"column":20},"end":{"line":255,"column":1}},"line":247},"18":{"name":"(anonymous_18)","decl":{"start":{"line":248,"column":9},"end":{"line":248,"column":10}},"loc":{"start":{"line":248,"column":21},"end":{"line":254,"column":3}},"line":248},"19":{"name":"warn","decl":{"start":{"line":257,"column":9},"end":{"line":257,"column":13}},"loc":{"start":{"line":257,"column":23},"end":{"line":270,"column":1}},"line":257}},"branchMap":{"0":{"loc":{"start":{"line":12,"column":2},"end":{"line":14,"column":3}},"type":"if","locations":[{"start":{"line":12,"column":2},"end":{"line":14,"column":3}},{"start":{"line":12,"column":2},"end":{"line":14,"column":3}}],"line":12},"1":{"loc":{"start":{"line":17,"column":2},"end":{"line":19,"column":3}},"type":"if","locations":[{"start":{"line":17,"column":2},"end":{"line":19,"column":3}},{"start":{"line":17,"column":2},"end":{"line":19,"column":3}}],"line":17},"2":{"loc":{"start":{"line":20,"column":2},"end":{"line":26,"column":3}},"type":"if","locations":[{"start":{"line":20,"column":2},"end":{"line":26,"column":3}},{"start":{"line":20,"column":2},"end":{"line":26,"column":3}}],"line":20},"3":{"loc":{"start":{"line":31,"column":16},"end":{"line":31,"column":47}},"type":"binary-expr","locations":[{"start":{"line":31,"column":16},"end":{"line":31,"column":41}},{"start":{"line":31,"column":45},"end":{"line":31,"column":47}}],"line":31},"4":{"loc":{"start":{"line":32,"column":14},"end":{"line":32,"column":43}},"type":"binary-expr","locations":[{"start":{"line":32,"column":14},"end":{"line":32,"column":37}},{"start":{"line":32,"column":41},"end":{"line":32,"column":43}}],"line":32},"5":{"loc":{"start":{"line":33,"column":2},"end":{"line":35,"column":3}},"type":"if","locations":[{"start":{"line":33,"column":2},"end":{"line":35,"column":3}},{"start":{"line":33,"column":2},"end":{"line":35,"column":3}}],"line":33},"6":{"loc":{"start":{"line":33,"column":6},"end":{"line":33,"column":106}},"type":"binary-expr","locations":[{"start":{"line":33,"column":6},"end":{"line":33,"column":28}},{"start":{"line":33,"column":32},"end":{"line":33,"column":52}},{"start":{"line":33,"column":56},"end":{"line":33,"column":74}},{"start":{"line":33,"column":78},"end":{"line":33,"column":106}}],"line":33},"7":{"loc":{"start":{"line":36,"column":2},"end":{"line":42,"column":3}},"type":"if","locations":[{"start":{"line":36,"column":2},"end":{"line":42,"column":3}},{"start":{"line":36,"column":2},"end":{"line":42,"column":3}}],"line":36},"8":{"loc":{"start":{"line":38,"column":4},"end":{"line":41,"column":5}},"type":"if","locations":[{"start":{"line":38,"column":4},"end":{"line":41,"column":5}},{"start":{"line":38,"column":4},"end":{"line":41,"column":5}}],"line":38},"9":{"loc":{"start":{"line":38,"column":8},"end":{"line":38,"column":85}},"type":"binary-expr","locations":[{"start":{"line":38,"column":8},"end":{"line":38,"column":17}},{"start":{"line":38,"column":21},"end":{"line":38,"column":47}},{"start":{"line":38,"column":51},"end":{"line":38,"column":85}}],"line":38},"10":{"loc":{"start":{"line":43,"column":2},"end":{"line":46,"column":3}},"type":"if","locations":[{"start":{"line":43,"column":2},"end":{"line":46,"column":3}},{"start":{"line":43,"column":2},"end":{"line":46,"column":3}}],"line":43},"11":{"loc":{"start":{"line":43,"column":6},"end":{"line":43,"column":88}},"type":"binary-expr","locations":[{"start":{"line":43,"column":6},"end":{"line":43,"column":11}},{"start":{"line":43,"column":15},"end":{"line":43,"column":30}},{"start":{"line":43,"column":34},"end":{"line":43,"column":88}}],"line":43},"12":{"loc":{"start":{"line":44,"column":20},"end":{"line":44,"column":79}},"type":"binary-expr","locations":[{"start":{"line":44,"column":20},"end":{"line":44,"column":62}},{"start":{"line":44,"column":66},"end":{"line":44,"column":79}}],"line":44},"13":{"loc":{"start":{"line":45,"column":72},"end":{"line":45,"column":90}},"type":"binary-expr","locations":[{"start":{"line":45,"column":72},"end":{"line":45,"column":84}},{"start":{"line":45,"column":88},"end":{"line":45,"column":90}}],"line":45},"14":{"loc":{"start":{"line":48,"column":2},"end":{"line":55,"column":3}},"type":"if","locations":[{"start":{"line":48,"column":2},"end":{"line":55,"column":3}},{"start":{"line":48,"column":2},"end":{"line":55,"column":3}}],"line":48},"15":{"loc":{"start":{"line":48,"column":6},"end":{"line":48,"column":70}},"type":"binary-expr","locations":[{"start":{"line":48,"column":6},"end":{"line":48,"column":29}},{"start":{"line":48,"column":33},"end":{"line":48,"column":70}}],"line":48},"16":{"loc":{"start":{"line":60,"column":2},"end":{"line":62,"column":3}},"type":"if","locations":[{"start":{"line":60,"column":2},"end":{"line":62,"column":3}},{"start":{"line":60,"column":2},"end":{"line":62,"column":3}}],"line":60},"17":{"loc":{"start":{"line":63,"column":2},"end":{"line":74,"column":3}},"type":"if","locations":[{"start":{"line":63,"column":2},"end":{"line":74,"column":3}},{"start":{"line":63,"column":2},"end":{"line":74,"column":3}}],"line":63},"18":{"loc":{"start":{"line":63,"column":6},"end":{"line":63,"column":48}},"type":"binary-expr","locations":[{"start":{"line":63,"column":6},"end":{"line":63,"column":12}},{"start":{"line":63,"column":16},"end":{"line":63,"column":48}}],"line":63},"19":{"loc":{"start":{"line":65,"column":4},"end":{"line":73,"column":5}},"type":"if","locations":[{"start":{"line":65,"column":4},"end":{"line":73,"column":5}},{"start":{"line":65,"column":4},"end":{"line":73,"column":5}}],"line":65},"20":{"loc":{"start":{"line":67,"column":6},"end":{"line":72,"column":7}},"type":"if","locations":[{"start":{"line":67,"column":6},"end":{"line":72,"column":7}},{"start":{"line":67,"column":6},"end":{"line":72,"column":7}}],"line":67},"21":{"loc":{"start":{"line":69,"column":8},"end":{"line":71,"column":9}},"type":"if","locations":[{"start":{"line":69,"column":8},"end":{"line":71,"column":9}},{"start":{"line":69,"column":8},"end":{"line":71,"column":9}}],"line":69},"22":{"loc":{"start":{"line":79,"column":2},"end":{"line":81,"column":3}},"type":"if","locations":[{"start":{"line":79,"column":2},"end":{"line":81,"column":3}},{"start":{"line":79,"column":2},"end":{"line":81,"column":3}}],"line":79},"23":{"loc":{"start":{"line":87,"column":2},"end":{"line":89,"column":3}},"type":"if","locations":[{"start":{"line":87,"column":2},"end":{"line":89,"column":3}},{"start":{"line":87,"column":2},"end":{"line":89,"column":3}}],"line":87},"24":{"loc":{"start":{"line":92,"column":2},"end":{"line":99,"column":3}},"type":"if","locations":[{"start":{"line":92,"column":2},"end":{"line":99,"column":3}},{"start":{"line":92,"column":2},"end":{"line":99,"column":3}}],"line":92},"25":{"loc":{"start":{"line":105,"column":4},"end":{"line":107,"column":5}},"type":"if","locations":[{"start":{"line":105,"column":4},"end":{"line":107,"column":5}},{"start":{"line":105,"column":4},"end":{"line":107,"column":5}}],"line":105},"26":{"loc":{"start":{"line":105,"column":8},"end":{"line":105,"column":25}},"type":"binary-expr","locations":[{"start":{"line":105,"column":8},"end":{"line":105,"column":13}},{"start":{"line":105,"column":17},"end":{"line":105,"column":25}}],"line":105},"27":{"loc":{"start":{"line":128,"column":11},"end":{"line":128,"column":32}},"type":"binary-expr","locations":[{"start":{"line":128,"column":11},"end":{"line":128,"column":15}},{"start":{"line":128,"column":19},"end":{"line":128,"column":32}}],"line":128},"28":{"loc":{"start":{"line":137,"column":30},"end":{"line":137,"column":60}},"type":"binary-expr","locations":[{"start":{"line":137,"column":30},"end":{"line":137,"column":55}},{"start":{"line":137,"column":59},"end":{"line":137,"column":60}}],"line":137},"29":{"loc":{"start":{"line":149,"column":2},"end":{"line":151,"column":3}},"type":"if","locations":[{"start":{"line":149,"column":2},"end":{"line":151,"column":3}},{"start":{"line":149,"column":2},"end":{"line":151,"column":3}}],"line":149},"30":{"loc":{"start":{"line":152,"column":2},"end":{"line":154,"column":3}},"type":"if","locations":[{"start":{"line":152,"column":2},"end":{"line":154,"column":3}},{"start":{"line":152,"column":2},"end":{"line":154,"column":3}}],"line":152},"31":{"loc":{"start":{"line":155,"column":2},"end":{"line":157,"column":3}},"type":"if","locations":[{"start":{"line":155,"column":2},"end":{"line":157,"column":3}},{"start":{"line":155,"column":2},"end":{"line":157,"column":3}}],"line":155},"32":{"loc":{"start":{"line":162,"column":2},"end":{"line":165,"column":3}},"type":"if","locations":[{"start":{"line":162,"column":2},"end":{"line":165,"column":3}},{"start":{"line":162,"column":2},"end":{"line":165,"column":3}}],"line":162},"33":{"loc":{"start":{"line":162,"column":6},"end":{"line":162,"column":54}},"type":"binary-expr","locations":[{"start":{"line":162,"column":6},"end":{"line":162,"column":36}},{"start":{"line":162,"column":40},"end":{"line":162,"column":54}}],"line":162},"34":{"loc":{"start":{"line":172,"column":2},"end":{"line":174,"column":3}},"type":"if","locations":[{"start":{"line":172,"column":2},"end":{"line":174,"column":3}},{"start":{"line":172,"column":2},"end":{"line":174,"column":3}}],"line":172},"35":{"loc":{"start":{"line":186,"column":2},"end":{"line":188,"column":3}},"type":"if","locations":[{"start":{"line":186,"column":2},"end":{"line":188,"column":3}},{"start":{"line":186,"column":2},"end":{"line":188,"column":3}}],"line":186},"36":{"loc":{"start":{"line":193,"column":2},"end":{"line":203,"column":3}},"type":"if","locations":[{"start":{"line":193,"column":2},"end":{"line":203,"column":3}},{"start":{"line":193,"column":2},"end":{"line":203,"column":3}}],"line":193},"37":{"loc":{"start":{"line":211,"column":2},"end":{"line":216,"column":3}},"type":"if","locations":[{"start":{"line":211,"column":2},"end":{"line":216,"column":3}},{"start":{"line":211,"column":2},"end":{"line":216,"column":3}}],"line":211},"38":{"loc":{"start":{"line":212,"column":4},"end":{"line":214,"column":5}},"type":"if","locations":[{"start":{"line":212,"column":4},"end":{"line":214,"column":5}},{"start":{"line":212,"column":4},"end":{"line":214,"column":5}}],"line":212},"39":{"loc":{"start":{"line":219,"column":2},"end":{"line":228,"column":3}},"type":"if","locations":[{"start":{"line":219,"column":2},"end":{"line":228,"column":3}},{"start":{"line":219,"column":2},"end":{"line":228,"column":3}}],"line":219},"40":{"loc":{"start":{"line":224,"column":4},"end":{"line":227,"column":5}},"type":"if","locations":[{"start":{"line":224,"column":4},"end":{"line":227,"column":5}},{"start":{"line":224,"column":4},"end":{"line":227,"column":5}}],"line":224},"41":{"loc":{"start":{"line":230,"column":2},"end":{"line":238,"column":3}},"type":"if","locations":[{"start":{"line":230,"column":2},"end":{"line":238,"column":3}},{"start":{"line":230,"column":2},"end":{"line":238,"column":3}}],"line":230},"42":{"loc":{"start":{"line":233,"column":7},"end":{"line":238,"column":3}},"type":"if","locations":[{"start":{"line":233,"column":7},"end":{"line":238,"column":3}},{"start":{"line":233,"column":7},"end":{"line":238,"column":3}}],"line":233},"43":{"loc":{"start":{"line":233,"column":11},"end":{"line":233,"column":70}},"type":"binary-expr","locations":[{"start":{"line":233,"column":11},"end":{"line":233,"column":38}},{"start":{"line":233,"column":42},"end":{"line":233,"column":70}}],"line":233}},"s":{"0":1,"1":1,"2":1,"3":1,"4":1,"5":1,"6":1,"7":1,"8":1,"9":1,"10":0,"11":1,"12":1,"13":1,"14":0,"15":1,"16":1,"17":1,"18":0,"19":0,"20":0,"21":0,"22":0,"23":0,"24":0,"25":0,"26":0,"27":0,"28":0,"29":0,"30":0,"31":0,"32":0,"33":0,"34":0,"35":0,"36":0,"37":1,"38":1,"39":0,"40":0,"41":0,"42":0,"43":0,"44":0,"45":0,"46":0,"47":1,"48":1,"49":1,"50":0,"51":1,"52":1,"53":1,"54":0,"55":1,"56":1,"57":1,"58":1,"59":1,"60":0,"61":1,"62":1,"63":1,"64":1,"65":1,"66":1,"67":1,"68":1,"69":1,"70":1,"71":1,"72":1,"73":1,"74":1,"75":1,"76":1,"77":1,"78":1,"79":1,"80":1,"81":1,"82":1,"83":1,"84":0,"85":1,"86":0,"87":1,"88":1,"89":1,"90":2,"91":1,"92":1,"93":1,"94":1,"95":0,"96":1,"97":1,"98":1,"99":1,"100":1,"101":0,"102":1,"103":1,"104":0,"105":1,"106":1,"107":1,"108":1,"109":0,"110":0,"111":1,"112":1,"113":1,"114":0,"115":0,"116":0,"117":1,"118":1,"119":0,"120":0,"121":0,"122":0,"123":0,"124":0,"125":0,"126":1,"127":1,"128":0,"129":0,"130":0,"131":1,"132":1,"133":1,"134":1,"135":6,"136":6,"137":6,"138":0,"139":0,"140":0,"141":0,"142":0,"143":0},"f":{"0":1,"1":0,"2":1,"3":1,"4":1,"5":1,"6":1,"7":1,"8":1,"9":1,"10":1,"11":1,"12":2,"13":1,"14":1,"15":1,"16":1,"17":6,"18":6,"19":0},"b":{"0":[0,1],"1":[0,1],"2":[1,0],"3":[0,0],"4":[0,0],"5":[0,0],"6":[0,0,0,0],"7":[0,0],"8":[0,0],"9":[0,0,0],"10":[0,0],"11":[0,0,0],"12":[0,0],"13":[0,0],"14":[0,0],"15":[0,0],"16":[1,0],"17":[0,0],"18":[0,0],"19":[0,0],"20":[0,0],"21":[0,0],"22":[1,0],"23":[0,1],"24":[1,0],"25":[1,0],"26":[1,1],"27":[1,1],"28":[1,0],"29":[0,1],"30":[0,1],"31":[1,0],"32":[1,1],"33":[2,2],"34":[0,1],"35":[0,1],"36":[1,0],"37":[0,1],"38":[0,0],"39":[0,1],"40":[0,0],"41":[1,0],"42":[0,0],"43":[0,0]},"_coverageSchema":"332fd63041d2c1bcb487cc26dd0d5f7d97098a6c","hash":"0e798700e895705d72d08d3d8eef95a1067a2291"}
,"C:\\Program Files\\JetBrains\\IntelliJ IDEA 2018.3\\plugins\\JavaScriptLanguage\\helpers\\jest-intellij\\lib\\jest-intellij-util.js": {"path":"C:\\Program Files\\JetBrains\\IntelliJ IDEA 2018.3\\plugins\\JavaScriptLanguage\\helpers\\jest-intellij\\lib\\jest-intellij-util.js","statementMap":{"0":{"start":{"line":1,"column":13},"end":{"line":1,"column":62}},"1":{"start":{"line":2,"column":13},"end":{"line":2,"column":62}},"2":{"start":{"line":3,"column":13},"end":{"line":3,"column":28}},"3":{"start":{"line":4,"column":27},"end":{"line":4,"column":68}},"4":{"start":{"line":5,"column":27},"end":{"line":5,"column":68}},"5":{"start":{"line":8,"column":2},"end":{"line":8,"column":88}},"6":{"start":{"line":12,"column":23},"end":{"line":12,"column":58}},"7":{"start":{"line":13,"column":22},"end":{"line":13,"column":56}},"8":{"start":{"line":14,"column":2},"end":{"line":22,"column":3}},"9":{"start":{"line":15,"column":22},"end":{"line":15,"column":70}},"10":{"start":{"line":16,"column":4},"end":{"line":16,"column":124}},"11":{"start":{"line":17,"column":4},"end":{"line":17,"column":22}},"12":{"start":{"line":18,"column":4},"end":{"line":18,"column":28}},"13":{"start":{"line":20,"column":7},"end":{"line":22,"column":3}},"14":{"start":{"line":21,"column":4},"end":{"line":21,"column":63}},"15":{"start":{"line":23,"column":2},"end":{"line":23,"column":29}},"16":{"start":{"line":27,"column":2},"end":{"line":52,"column":5}},"17":{"start":{"line":28,"column":20},"end":{"line":28,"column":49}},"18":{"start":{"line":29,"column":4},"end":{"line":31,"column":5}},"19":{"start":{"line":30,"column":6},"end":{"line":30,"column":13}},"20":{"start":{"line":32,"column":28},"end":{"line":32,"column":40}},"21":{"start":{"line":33,"column":4},"end":{"line":41,"column":7}},"22":{"start":{"line":34,"column":27},"end":{"line":34,"column":76}},"23":{"start":{"line":35,"column":6},"end":{"line":39,"column":7}},"24":{"start":{"line":36,"column":34},"end":{"line":36,"column":108}},"25":{"start":{"line":37,"column":8},"end":{"line":37,"column":101}},"26":{"start":{"line":38,"column":8},"end":{"line":38,"column":31}},"27":{"start":{"line":40,"column":6},"end":{"line":40,"column":41}},"28":{"start":{"line":42,"column":29},"end":{"line":42,"column":109}},"29":{"start":{"line":43,"column":21},"end":{"line":43,"column":95}},"30":{"start":{"line":45,"column":4},"end":{"line":48,"column":5}},"31":{"start":{"line":46,"column":6},"end":{"line":46,"column":26}},"32":{"start":{"line":47,"column":6},"end":{"line":47,"column":53}},"33":{"start":{"line":49,"column":4},"end":{"line":49,"column":21}},"34":{"start":{"line":50,"column":4},"end":{"line":50,"column":110}},"35":{"start":{"line":51,"column":4},"end":{"line":51,"column":27}},"36":{"start":{"line":53,"column":2},"end":{"line":55,"column":5}},"37":{"start":{"line":54,"column":4},"end":{"line":54,"column":32}},"38":{"start":{"line":66,"column":14},"end":{"line":66,"column":24}},"39":{"start":{"line":66,"column":30},"end":{"line":66,"column":40}},"40":{"start":{"line":67,"column":2},"end":{"line":70,"column":3}},"41":{"start":{"line":68,"column":4},"end":{"line":68,"column":23}},"42":{"start":{"line":69,"column":4},"end":{"line":69,"column":17}},"43":{"start":{"line":71,"column":2},"end":{"line":71,"column":33}},"44":{"start":{"line":72,"column":2},"end":{"line":72,"column":18}},"45":{"start":{"line":73,"column":2},"end":{"line":73,"column":52}},"46":{"start":{"line":81,"column":2},"end":{"line":83,"column":3}},"47":{"start":{"line":82,"column":4},"end":{"line":82,"column":36}},"48":{"start":{"line":84,"column":2},"end":{"line":86,"column":3}},"49":{"start":{"line":85,"column":4},"end":{"line":85,"column":36}},"50":{"start":{"line":87,"column":2},"end":{"line":87,"column":33}},"51":{"start":{"line":91,"column":14},"end":{"line":91,"column":57}},"52":{"start":{"line":92,"column":2},"end":{"line":102,"column":3}},"53":{"start":{"line":93,"column":4},"end":{"line":93,"column":28}},"54":{"start":{"line":96,"column":4},"end":{"line":101,"column":5}},"55":{"start":{"line":97,"column":6},"end":{"line":97,"column":30}},"56":{"start":{"line":106,"column":2},"end":{"line":112,"column":4}},"57":{"start":{"line":107,"column":4},"end":{"line":111,"column":5}},"58":{"start":{"line":108,"column":6},"end":{"line":108,"column":39}},"59":{"start":{"line":110,"column":6},"end":{"line":110,"column":41}},"60":{"start":{"line":115,"column":0},"end":{"line":115,"column":42}},"61":{"start":{"line":116,"column":0},"end":{"line":116,"column":54}},"62":{"start":{"line":117,"column":0},"end":{"line":117,"column":20}},"63":{"start":{"line":118,"column":0},"end":{"line":118,"column":24}},"64":{"start":{"line":119,"column":0},"end":{"line":119,"column":42}},"65":{"start":{"line":121,"column":0},"end":{"line":127,"column":2}},"66":{"start":{"line":122,"column":18},"end":{"line":122,"column":20}},"67":{"start":{"line":123,"column":2},"end":{"line":125,"column":3}},"68":{"start":{"line":124,"column":4},"end":{"line":124,"column":106}},"69":{"start":{"line":126,"column":2},"end":{"line":126,"column":17}},"70":{"start":{"line":128,"column":0},"end":{"line":132,"column":2}},"71":{"start":{"line":129,"column":2},"end":{"line":131,"column":3}},"72":{"start":{"line":130,"column":4},"end":{"line":130,"column":66}},"73":{"start":{"line":133,"column":0},"end":{"line":133,"column":77}}},"fnMap":{"0":{"name":"addTestFileNode","decl":{"start":{"line":7,"column":9},"end":{"line":7,"column":24}},"loc":{"start":{"line":7,"column":45},"end":{"line":9,"column":1}},"line":7},"1":{"name":"reportTestFileResults","decl":{"start":{"line":11,"column":9},"end":{"line":11,"column":30}},"loc":{"start":{"line":11,"column":86},"end":{"line":24,"column":1}},"line":11},"2":{"name":"reportSpecResults","decl":{"start":{"line":26,"column":9},"end":{"line":26,"column":26}},"loc":{"start":{"line":26,"column":68},"end":{"line":56,"column":1}},"line":26},"3":{"name":"(anonymous_3)","decl":{"start":{"line":27,"column":22},"end":{"line":27,"column":23}},"loc":{"start":{"line":27,"column":44},"end":{"line":52,"column":3}},"line":27},"4":{"name":"(anonymous_4)","decl":{"start":{"line":33,"column":38},"end":{"line":33,"column":39}},"loc":{"start":{"line":33,"column":60},"end":{"line":41,"column":5}},"line":33},"5":{"name":"(anonymous_5)","decl":{"start":{"line":53,"column":32},"end":{"line":53,"column":33}},"loc":{"start":{"line":53,"column":53},"end":{"line":55,"column":3}},"line":53},"6":{"name":"getLocationPath","decl":{"start":{"line":65,"column":9},"end":{"line":65,"column":24}},"loc":{"start":{"line":65,"column":75},"end":{"line":74,"column":1}},"line":65},"7":{"name":"getOutcome","decl":{"start":{"line":80,"column":9},"end":{"line":80,"column":19}},"loc":{"start":{"line":80,"column":28},"end":{"line":88,"column":1}},"line":80},"8":{"name":"warn","decl":{"start":{"line":90,"column":9},"end":{"line":90,"column":13}},"loc":{"start":{"line":90,"column":23},"end":{"line":103,"column":1}},"line":90},"9":{"name":"safeFn","decl":{"start":{"line":105,"column":9},"end":{"line":105,"column":15}},"loc":{"start":{"line":105,"column":20},"end":{"line":113,"column":1}},"line":105},"10":{"name":"(anonymous_10)","decl":{"start":{"line":106,"column":9},"end":{"line":106,"column":10}},"loc":{"start":{"line":106,"column":21},"end":{"line":112,"column":3}},"line":106},"11":{"name":"(anonymous_11)","decl":{"start":{"line":121,"column":24},"end":{"line":121,"column":25}},"loc":{"start":{"line":121,"column":72},"end":{"line":127,"column":1}},"line":121},"12":{"name":"(anonymous_12)","decl":{"start":{"line":128,"column":50},"end":{"line":128,"column":51}},"loc":{"start":{"line":128,"column":62},"end":{"line":132,"column":1}},"line":128}},"branchMap":{"0":{"loc":{"start":{"line":14,"column":2},"end":{"line":22,"column":3}},"type":"if","locations":[{"start":{"line":14,"column":2},"end":{"line":22,"column":3}},{"start":{"line":14,"column":2},"end":{"line":22,"column":3}}],"line":14},"1":{"loc":{"start":{"line":14,"column":6},"end":{"line":14,"column":122}},"type":"binary-expr","locations":[{"start":{"line":14,"column":6},"end":{"line":14,"column":63}},{"start":{"line":14,"column":67},"end":{"line":14,"column":122}}],"line":14},"2":{"loc":{"start":{"line":14,"column":69},"end":{"line":14,"column":121}},"type":"binary-expr","locations":[{"start":{"line":14,"column":69},"end":{"line":14,"column":95}},{"start":{"line":14,"column":99},"end":{"line":14,"column":121}}],"line":14},"3":{"loc":{"start":{"line":20,"column":7},"end":{"line":22,"column":3}},"type":"if","locations":[{"start":{"line":20,"column":7},"end":{"line":22,"column":3}},{"start":{"line":20,"column":7},"end":{"line":22,"column":3}}],"line":20},"4":{"loc":{"start":{"line":29,"column":4},"end":{"line":31,"column":5}},"type":"if","locations":[{"start":{"line":29,"column":4},"end":{"line":31,"column":5}},{"start":{"line":29,"column":4},"end":{"line":31,"column":5}}],"line":29},"5":{"loc":{"start":{"line":35,"column":6},"end":{"line":39,"column":7}},"type":"if","locations":[{"start":{"line":35,"column":6},"end":{"line":39,"column":7}},{"start":{"line":35,"column":6},"end":{"line":39,"column":7}}],"line":35},"6":{"loc":{"start":{"line":35,"column":12},"end":{"line":35,"column":79}},"type":"binary-expr","locations":[{"start":{"line":35,"column":12},"end":{"line":35,"column":26}},{"start":{"line":35,"column":30},"end":{"line":35,"column":79}}],"line":35},"7":{"loc":{"start":{"line":45,"column":4},"end":{"line":48,"column":5}},"type":"if","locations":[{"start":{"line":45,"column":4},"end":{"line":48,"column":5}},{"start":{"line":45,"column":4},"end":{"line":48,"column":5}}],"line":45},"8":{"loc":{"start":{"line":71,"column":13},"end":{"line":71,"column":31}},"type":"binary-expr","locations":[{"start":{"line":71,"column":13},"end":{"line":71,"column":25}},{"start":{"line":71,"column":29},"end":{"line":71,"column":31}}],"line":71},"9":{"loc":{"start":{"line":81,"column":2},"end":{"line":83,"column":3}},"type":"if","locations":[{"start":{"line":81,"column":2},"end":{"line":83,"column":3}},{"start":{"line":81,"column":2},"end":{"line":83,"column":3}}],"line":81},"10":{"loc":{"start":{"line":84,"column":2},"end":{"line":86,"column":3}},"type":"if","locations":[{"start":{"line":84,"column":2},"end":{"line":86,"column":3}},{"start":{"line":84,"column":2},"end":{"line":86,"column":3}}],"line":84},"11":{"loc":{"start":{"line":84,"column":6},"end":{"line":84,"column":51}},"type":"binary-expr","locations":[{"start":{"line":84,"column":6},"end":{"line":84,"column":26}},{"start":{"line":84,"column":30},"end":{"line":84,"column":51}}],"line":84},"12":{"loc":{"start":{"line":123,"column":2},"end":{"line":125,"column":3}},"type":"if","locations":[{"start":{"line":123,"column":2},"end":{"line":125,"column":3}},{"start":{"line":123,"column":2},"end":{"line":125,"column":3}}],"line":123},"13":{"loc":{"start":{"line":129,"column":2},"end":{"line":131,"column":3}},"type":"if","locations":[{"start":{"line":129,"column":2},"end":{"line":131,"column":3}},{"start":{"line":129,"column":2},"end":{"line":131,"column":3}}],"line":129}},"s":{"0":1,"1":1,"2":1,"3":1,"4":1,"5":0,"6":0,"7":0,"8":0,"9":0,"10":0,"11":0,"12":0,"13":0,"14":0,"15":0,"16":0,"17":0,"18":0,"19":0,"20":0,"21":0,"22":0,"23":0,"24":0,"25":0,"26":0,"27":0,"28":0,"29":0,"30":0,"31":0,"32":0,"33":0,"34":0,"35":0,"36":0,"37":0,"38":2,"39":2,"40":2,"41":1,"42":1,"43":2,"44":2,"45":2,"46":0,"47":0,"48":0,"49":0,"50":0,"51":0,"52":0,"53":0,"54":0,"55":0,"56":0,"57":0,"58":0,"59":0,"60":1,"61":1,"62":1,"63":1,"64":1,"65":1,"66":0,"67":0,"68":0,"69":0,"70":1,"71":1,"72":0,"73":1},"f":{"0":0,"1":0,"2":0,"3":0,"4":0,"5":0,"6":2,"7":0,"8":0,"9":0,"10":0,"11":0,"12":1},"b":{"0":[0,0],"1":[0,0],"2":[0,0],"3":[0,0],"4":[0,0],"5":[0,0],"6":[0,0],"7":[0,0],"8":[2,0],"9":[0,0],"10":[0,0],"11":[0,0],"12":[0,0],"13":[0,1]},"_coverageSchema":"332fd63041d2c1bcb487cc26dd0d5f7d97098a6c","hash":"85b7238d2b9c54034562b4e649d89770c0e4aa51"}
}
