TN:
SF:C:\Program Files\JetBrains\IntelliJ IDEA 2018.3\plugins\JavaScriptLanguage\helpers\base-test-reporter\intellij-stringifier.js
FN:7,stringify
FN:19,doStringify
FN:33,isObject
FN:37,deepCopyAndNormalize
FN:39,doCopy
FN:56,(anonymous_5)
FN:65,(anonymous_6)
FNF:7
FNH:0
FNDA:0,stringify
FNDA:0,doStringify
FNDA:0,isObject
FNDA:0,deepCopyAndNormalize
FNDA:0,doCopy
FNDA:0,(anonymous_5)
FNDA:0,(anonymous_6)
DA:1,1
DA:8,0
DA:9,0
DA:10,0
DA:12,0
DA:20,0
DA:21,0
DA:23,0
DA:24,0
DA:25,0
DA:27,0
DA:28,0
DA:30,0
DA:34,0
DA:38,0
DA:39,0
DA:40,0
DA:41,0
DA:43,0
DA:44,0
DA:46,0
DA:47,0
DA:50,0
DA:51,0
DA:53,0
DA:55,0
DA:56,0
DA:57,0
DA:61,0
DA:62,0
DA:63,0
DA:64,0
DA:65,0
DA:66,0
DA:68,0
DA:71,0
DA:75,1
LF:37
LH:2
BRDA:9,0,0,0
BRDA:9,0,1,0
BRDA:20,1,0,0
BRDA:20,1,1,0
BRDA:24,2,0,0
BRDA:24,2,1,0
BRDA:27,3,0,0
BRDA:27,3,1,0
BRDA:40,4,0,0
BRDA:40,4,1,0
BRDA:43,5,0,0
BRDA:43,5,1,0
BRDA:43,6,0,0
BRDA:43,6,1,0
BRDA:43,6,2,0
BRDA:46,7,0,0
BRDA:46,7,1,0
BRDA:50,8,0,0
BRDA:50,8,1,0
BRDA:55,9,0,0
BRDA:55,9,1,0
BRDA:61,10,0,0
BRDA:61,10,1,0
BRF:23
BRH:0
end_of_record
TN:
SF:C:\Program Files\JetBrains\IntelliJ IDEA 2018.3\plugins\JavaScriptLanguage\helpers\base-test-reporter\intellij-tree.js
FN:3,inherit
FN:15,Tree
FN:21,(anonymous_2)
FN:37,(anonymous_3)
FN:41,(anonymous_4)
FN:53,(anonymous_5)
FN:59,(anonymous_6)
FN:63,(anonymous_7)
FN:79,Node
FN:122,NodeState
FN:125,(anonymous_10)
FN:138,(anonymous_11)
FN:148,(anonymous_12)
FN:160,(anonymous_13)
FN:189,(anonymous_14)
FN:206,(anonymous_15)
FN:222,(anonymous_16)
FN:231,(anonymous_17)
FN:252,(anonymous_18)
FN:260,(anonymous_19)
FN:276,(anonymous_20)
FN:280,(anonymous_21)
FN:301,TestSuiteNode
FN:327,(anonymous_23)
FN:331,(anonymous_24)
FN:342,getChildrenByName
FN:352,addChildNode
FN:371,(anonymous_27)
FN:379,(anonymous_28)
FN:387,(anonymous_29)
FN:398,(anonymous_30)
FN:419,(anonymous_31)
FN:436,(anonymous_32)
FN:456,TestNode
FN:512,TestOutcome
FN:515,(anonymous_35)
FN:537,(anonymous_36)
FN:556,(anonymous_37)
FN:564,(anonymous_38)
FN:572,(anonymous_39)
FN:592,(anonymous_40)
FN:624,(anonymous_41)
FN:632,(anonymous_42)
FN:635,addMapping
FN:658,(anonymous_44)
FN:663,isAttributeValueEscapingNeeded
FN:673,escapeAttributeValue
FN:698,isString
FNF:48
FNH:32
FNDA:2,inherit
FNDA:1,Tree
FNDA:6,(anonymous_2)
FNDA:1,(anonymous_3)
FNDA:0,(anonymous_4)
FNDA:1,(anonymous_5)
FNDA:0,(anonymous_6)
FNDA:0,(anonymous_7)
FNDA:3,Node
FNDA:4,NodeState
FNDA:0,(anonymous_10)
FNDA:0,(anonymous_11)
FNDA:0,(anonymous_12)
FNDA:2,(anonymous_13)
FNDA:2,(anonymous_14)
FNDA:2,(anonymous_15)
FNDA:0,(anonymous_16)
FNDA:3,(anonymous_17)
FNDA:0,(anonymous_18)
FNDA:2,(anonymous_19)
FNDA:0,(anonymous_20)
FNDA:0,(anonymous_21)
FNDA:2,TestSuiteNode
FNDA:0,(anonymous_23)
FNDA:0,(anonymous_24)
FNDA:2,getChildrenByName
FNDA:2,addChildNode
FNDA:1,(anonymous_27)
FNDA:1,(anonymous_28)
FNDA:1,(anonymous_29)
FNDA:1,(anonymous_30)
FNDA:1,(anonymous_31)
FNDA:0,(anonymous_32)
FNDA:1,TestNode
FNDA:4,TestOutcome
FNDA:0,(anonymous_35)
FNDA:1,(anonymous_36)
FNDA:0,(anonymous_37)
FNDA:1,(anonymous_38)
FNDA:1,(anonymous_39)
FNDA:1,(anonymous_40)
FNDA:0,(anonymous_41)
FNDA:1,(anonymous_42)
FNDA:9,addMapping
FNDA:234,(anonymous_44)
FNDA:4,isAttributeValueEscapingNeeded
FNDA:4,escapeAttributeValue
FNDA:12,isString
DA:1,1
DA:4,2
DA:16,1
DA:21,1
DA:22,6
DA:29,1
DA:34,1
DA:37,1
DA:38,1
DA:41,1
DA:42,0
DA:43,0
DA:44,0
DA:46,0
DA:47,0
DA:49,0
DA:50,0
DA:53,1
DA:54,1
DA:55,1
DA:59,1
DA:60,0
DA:63,1
DA:64,0
DA:84,3
DA:89,3
DA:94,3
DA:99,3
DA:104,3
DA:109,3
DA:114,3
DA:123,4
DA:125,1
DA:126,0
DA:128,1
DA:129,1
DA:130,1
DA:131,1
DA:138,1
DA:139,0
DA:140,0
DA:141,0
DA:148,1
DA:149,0
DA:150,0
DA:152,0
DA:160,1
DA:161,2
DA:162,2
DA:163,2
DA:164,2
DA:165,2
DA:166,2
DA:167,2
DA:168,2
DA:169,2
DA:170,2
DA:171,2
DA:172,2
DA:175,2
DA:176,0
DA:178,2
DA:179,2
DA:189,1
DA:190,2
DA:191,0
DA:193,2
DA:195,0
DA:197,2
DA:198,2
DA:199,2
DA:206,1
DA:207,2
DA:208,2
DA:210,0
DA:211,0
DA:212,0
DA:214,0
DA:222,1
DA:223,0
DA:231,1
DA:232,3
DA:233,1
DA:235,2
DA:236,0
DA:238,2
DA:239,2
DA:240,2
DA:241,2
DA:242,0
DA:243,0
DA:244,0
DA:252,1
DA:253,0
DA:260,1
DA:261,2
DA:262,2
DA:263,2
DA:264,2
DA:265,1
DA:267,2
DA:268,2
DA:276,1
DA:277,0
DA:280,1
DA:281,0
DA:282,0
DA:283,0
DA:285,0
DA:302,2
DA:307,2
DA:312,2
DA:317,2
DA:320,1
DA:327,1
DA:328,0
DA:329,0
DA:331,0
DA:332,0
DA:334,0
DA:336,0
DA:343,2
DA:344,0
DA:346,2
DA:353,2
DA:354,2
DA:355,2
DA:356,0
DA:357,0
DA:358,0
DA:360,0
DA:363,2
DA:371,1
DA:372,1
DA:379,1
DA:380,1
DA:387,1
DA:388,1
DA:398,1
DA:399,1
DA:400,0
DA:402,1
DA:403,1
DA:404,1
DA:406,1
DA:407,1
DA:408,1
DA:409,1
DA:419,1
DA:420,1
DA:421,0
DA:423,1
DA:424,1
DA:425,1
DA:427,1
DA:428,1
DA:429,1
DA:430,1
DA:436,1
DA:437,0
DA:438,0
DA:439,0
DA:440,0
DA:457,1
DA:462,1
DA:467,1
DA:472,1
DA:477,1
DA:482,1
DA:487,1
DA:492,1
DA:497,1
DA:502,1
DA:505,1
DA:513,4
DA:515,1
DA:516,0
DA:519,1
DA:520,1
DA:521,1
DA:522,1
DA:524,1
DA:537,1
DA:540,1
DA:541,0
DA:543,1
DA:544,1
DA:545,1
DA:546,1
DA:547,1
DA:548,1
DA:549,1
DA:550,1
DA:551,1
DA:552,0
DA:556,1
DA:557,0
DA:564,1
DA:565,1
DA:572,1
DA:573,1
DA:575,1
DA:577,0
DA:579,0
DA:581,0
DA:583,0
DA:592,1
DA:593,1
DA:594,1
DA:595,1
DA:597,1
DA:598,0
DA:600,1
DA:601,0
DA:603,1
DA:604,0
DA:606,1
DA:607,0
DA:609,1
DA:610,0
DA:612,1
DA:613,0
DA:615,1
DA:616,0
DA:618,1
DA:624,1
DA:625,0
DA:626,0
DA:628,0
DA:632,1
DA:633,1
DA:636,9
DA:637,0
DA:639,9
DA:640,9
DA:641,9
DA:644,0
DA:648,1
DA:649,1
DA:650,1
DA:651,1
DA:652,1
DA:653,1
DA:654,1
DA:655,1
DA:656,1
DA:658,1
DA:659,234
DA:664,4
DA:665,4
DA:666,234
DA:667,0
DA:670,4
DA:674,4
DA:675,4
DA:677,0
DA:678,0
DA:679,0
DA:680,0
DA:681,0
DA:682,0
DA:683,0
DA:686,0
DA:689,0
DA:692,1
DA:699,12
DA:702,1
LF:267
LH:186
BRDA:29,0,0,1
BRDA:29,0,1,0
BRDA:43,1,0,0
BRDA:43,1,1,0
BRDA:46,2,0,0
BRDA:46,2,1,0
BRDA:54,3,0,1
BRDA:54,3,1,0
BRDA:54,4,0,1
BRDA:54,4,1,1
BRDA:149,5,0,0
BRDA:149,5,1,0
BRDA:165,6,0,2
BRDA:165,6,1,0
BRDA:169,7,0,2
BRDA:169,7,1,0
BRDA:171,8,0,2
BRDA:171,8,1,0
BRDA:175,9,0,0
BRDA:175,9,1,2
BRDA:190,10,0,0
BRDA:190,10,1,2
BRDA:193,11,0,0
BRDA:193,11,1,2
BRDA:207,12,0,2
BRDA:207,12,1,0
BRDA:210,13,0,0
BRDA:210,13,1,0
BRDA:232,14,0,1
BRDA:232,14,1,2
BRDA:235,15,0,0
BRDA:235,15,1,2
BRDA:235,16,0,2
BRDA:235,16,1,2
BRDA:241,17,0,0
BRDA:241,17,1,2
BRDA:243,18,0,0
BRDA:243,18,1,0
BRDA:243,19,0,0
BRDA:243,19,1,0
BRDA:264,20,0,1
BRDA:264,20,1,1
BRDA:281,21,0,0
BRDA:281,21,1,0
BRDA:329,22,0,0
BRDA:329,22,1,0
BRDA:334,23,0,0
BRDA:334,23,1,0
BRDA:343,24,0,0
BRDA:343,24,1,2
BRDA:355,25,0,0
BRDA:355,25,1,2
BRDA:356,26,0,0
BRDA:356,26,1,0
BRDA:399,27,0,0
BRDA:399,27,1,1
BRDA:403,28,0,1
BRDA:403,28,1,0
BRDA:420,29,0,0
BRDA:420,29,1,1
BRDA:424,30,0,1
BRDA:424,30,1,0
BRDA:438,31,0,0
BRDA:438,31,1,0
BRDA:439,32,0,0
BRDA:439,32,1,0
BRDA:540,33,0,0
BRDA:540,33,1,1
BRDA:547,34,0,0
BRDA:547,34,1,1
BRDA:548,35,0,0
BRDA:548,35,1,1
BRDA:549,36,0,0
BRDA:549,36,1,1
BRDA:550,37,0,0
BRDA:550,37,1,1
BRDA:551,38,0,0
BRDA:551,38,1,1
BRDA:551,39,0,1
BRDA:551,39,1,0
BRDA:573,40,0,1
BRDA:573,40,1,0
BRDA:573,40,2,0
BRDA:573,40,3,0
BRDA:573,40,4,0
BRDA:594,41,0,1
BRDA:594,41,1,0
BRDA:597,42,0,0
BRDA:597,42,1,1
BRDA:600,43,0,0
BRDA:600,43,1,1
BRDA:603,44,0,0
BRDA:603,44,1,1
BRDA:606,45,0,0
BRDA:606,45,1,1
BRDA:609,46,0,0
BRDA:609,46,1,1
BRDA:612,47,0,0
BRDA:612,47,1,1
BRDA:615,48,0,0
BRDA:615,48,1,1
BRDA:618,49,0,0
BRDA:618,49,1,1
BRDA:625,50,0,0
BRDA:625,50,1,0
BRDA:636,51,0,0
BRDA:636,51,1,9
BRDA:636,52,0,9
BRDA:636,52,1,9
BRDA:640,53,0,9
BRDA:640,53,1,0
BRDA:666,54,0,0
BRDA:666,54,1,234
BRDA:674,55,0,4
BRDA:674,55,1,0
BRDA:681,56,0,0
BRDA:681,56,1,0
BRDA:699,57,0,12
BRDA:699,57,1,12
BRF:119
BRH:50
end_of_record
TN:
SF:C:\Program Files\JetBrains\IntelliJ IDEA 2018.3\plugins\JavaScriptLanguage\helpers\base-test-reporter\intellij-util.js
FN:7,isString
FN:18,joinList
FNF:2
FNH:2
FNDA:2,isString
FNDA:2,joinList
DA:1,1
DA:8,2
DA:19,2
DA:20,0
DA:22,2
DA:23,0
DA:25,2
DA:26,2
DA:27,2
DA:28,2
DA:29,2
DA:34,2
DA:35,5
DA:36,3
DA:38,5
DA:39,5
DA:40,5
DA:41,5
DA:42,190
DA:43,190
DA:44,190
DA:45,20
DA:47,190
DA:50,2
DA:53,1
DA:54,1
LF:26
LH:24
BRDA:8,0,0,2
BRDA:8,0,1,0
BRDA:19,1,0,0
BRDA:19,1,1,2
BRDA:22,2,0,0
BRDA:22,2,1,2
BRDA:35,3,0,3
BRDA:35,3,1,2
BRDA:44,4,0,20
BRDA:44,4,1,170
BRDA:44,5,0,190
BRDA:44,5,1,186
BRF:12
BRH:9
end_of_record
TN:
SF:C:\Program Files\JetBrains\IntelliJ IDEA 2018.3\plugins\JavaScriptLanguage\helpers\jest-intellij\lib\jest-intellij-jasmine.js
FN:10,requireJestPackage
FN:30,normalizeFailedExpectation
FN:59,getTestFilePath
FN:77,getUniqueTestFileRunId
FN:85,(anonymous_4)
FN:102,createdPatchedSpec
FN:103,PatchedSpec
FN:123,JasmineReporter
FN:126,(anonymous_8)
FN:136,(anonymous_9)
FN:140,(anonymous_10)
FN:147,(anonymous_11)
FN:161,startAncestorSuites
FN:171,(anonymous_13)
FN:192,passedTime
FN:209,(anonymous_15)
FN:243,(anonymous_16)
FN:247,safeFn
FN:248,(anonymous_18)
FN:257,warn
FNF:20
FNH:18
FNDA:1,requireJestPackage
FNDA:0,normalizeFailedExpectation
FNDA:1,getTestFilePath
FNDA:1,getUniqueTestFileRunId
FNDA:1,(anonymous_4)
FNDA:1,createdPatchedSpec
FNDA:1,PatchedSpec
FNDA:1,JasmineReporter
FNDA:1,(anonymous_8)
FNDA:1,(anonymous_9)
FNDA:1,(anonymous_10)
FNDA:1,(anonymous_11)
FNDA:2,startAncestorSuites
FNDA:1,(anonymous_13)
FNDA:1,passedTime
FNDA:1,(anonymous_15)
FNDA:1,(anonymous_16)
FNDA:6,safeFn
FNDA:6,(anonymous_18)
FNDA:0,warn
DA:1,1
DA:2,1
DA:3,1
DA:4,1
DA:5,1
DA:6,1
DA:7,1
DA:8,1
DA:11,1
DA:12,1
DA:13,0
DA:15,1
DA:16,1
DA:17,1
DA:18,0
DA:20,1
DA:21,1
DA:22,1
DA:27,0
DA:31,0
DA:32,0
DA:33,0
DA:34,0
DA:36,0
DA:37,0
DA:38,0
DA:39,0
DA:40,0
DA:43,0
DA:44,0
DA:45,0
DA:48,0
DA:49,0
DA:50,0
DA:53,0
DA:54,0
DA:56,0
DA:60,1
DA:61,1
DA:63,0
DA:64,0
DA:65,0
DA:66,0
DA:67,0
DA:68,0
DA:69,0
DA:70,0
DA:78,1
DA:79,1
DA:80,1
DA:82,0
DA:85,1
DA:86,1
DA:87,1
DA:88,0
DA:91,1
DA:92,1
DA:93,1
DA:94,1
DA:95,1
DA:98,0
DA:104,1
DA:105,1
DA:106,1
DA:109,1
DA:117,1
DA:124,1
DA:125,1
DA:126,1
DA:127,1
DA:128,1
DA:130,1
DA:131,1
DA:132,1
DA:133,1
DA:136,1
DA:137,1
DA:140,1
DA:141,1
DA:143,1
DA:144,1
DA:147,1
DA:148,1
DA:149,1
DA:150,0
DA:152,1
DA:153,0
DA:155,1
DA:156,1
DA:158,1
DA:162,2
DA:163,1
DA:164,1
DA:171,1
DA:172,1
DA:173,0
DA:175,1
DA:176,1
DA:178,1
DA:179,1
DA:180,1
DA:183,0
DA:185,1
DA:186,1
DA:187,0
DA:189,1
DA:193,1
DA:194,1
DA:195,1
DA:198,0
DA:202,0
DA:209,1
DA:210,1
DA:211,1
DA:212,0
DA:213,0
DA:215,0
DA:217,1
DA:219,1
DA:220,0
DA:221,0
DA:222,0
DA:223,0
DA:224,0
DA:225,0
DA:226,0
DA:230,1
DA:231,1
DA:233,0
DA:234,0
DA:237,0
DA:239,1
DA:240,1
DA:243,1
DA:244,1
DA:248,6
DA:249,6
DA:250,6
DA:252,0
DA:258,0
DA:259,0
DA:260,0
DA:263,0
DA:264,0
LF:144
LH:86
BRDA:12,0,0,0
BRDA:12,0,1,1
BRDA:17,1,0,0
BRDA:17,1,1,1
BRDA:20,2,0,1
BRDA:20,2,1,0
BRDA:31,3,0,0
BRDA:31,3,1,0
BRDA:32,4,0,0
BRDA:32,4,1,0
BRDA:33,5,0,0
BRDA:33,5,1,0
BRDA:33,6,0,0
BRDA:33,6,1,0
BRDA:33,6,2,0
BRDA:33,6,3,0
BRDA:36,7,0,0
BRDA:36,7,1,0
BRDA:38,8,0,0
BRDA:38,8,1,0
BRDA:38,9,0,0
BRDA:38,9,1,0
BRDA:38,9,2,0
BRDA:43,10,0,0
BRDA:43,10,1,0
BRDA:43,11,0,0
BRDA:43,11,1,0
BRDA:43,11,2,0
BRDA:44,12,0,0
BRDA:44,12,1,0
BRDA:45,13,0,0
BRDA:45,13,1,0
BRDA:48,14,0,0
BRDA:48,14,1,0
BRDA:48,15,0,0
BRDA:48,15,1,0
BRDA:60,16,0,1
BRDA:60,16,1,0
BRDA:63,17,0,0
BRDA:63,17,1,0
BRDA:63,18,0,0
BRDA:63,18,1,0
BRDA:65,19,0,0
BRDA:65,19,1,0
BRDA:67,20,0,0
BRDA:67,20,1,0
BRDA:69,21,0,0
BRDA:69,21,1,0
BRDA:79,22,0,1
BRDA:79,22,1,0
BRDA:87,23,0,0
BRDA:87,23,1,1
BRDA:92,24,0,1
BRDA:92,24,1,0
BRDA:105,25,0,1
BRDA:105,25,1,0
BRDA:105,26,0,1
BRDA:105,26,1,1
BRDA:128,27,0,1
BRDA:128,27,1,1
BRDA:137,28,0,1
BRDA:137,28,1,0
BRDA:149,29,0,0
BRDA:149,29,1,1
BRDA:152,30,0,0
BRDA:152,30,1,1
BRDA:155,31,0,1
BRDA:155,31,1,0
BRDA:162,32,0,1
BRDA:162,32,1,1
BRDA:162,33,0,2
BRDA:162,33,1,2
BRDA:172,34,0,0
BRDA:172,34,1,1
BRDA:186,35,0,0
BRDA:186,35,1,1
BRDA:193,36,0,1
BRDA:193,36,1,0
BRDA:211,37,0,0
BRDA:211,37,1,1
BRDA:212,38,0,0
BRDA:212,38,1,0
BRDA:219,39,0,0
BRDA:219,39,1,1
BRDA:224,40,0,0
BRDA:224,40,1,0
BRDA:230,41,0,1
BRDA:230,41,1,0
BRDA:233,42,0,0
BRDA:233,42,1,0
BRDA:233,43,0,0
BRDA:233,43,1,0
BRF:92
BRH:26
end_of_record
TN:
SF:C:\Program Files\JetBrains\IntelliJ IDEA 2018.3\plugins\JavaScriptLanguage\helpers\jest-intellij\lib\jest-intellij-util.js
FN:7,addTestFileNode
FN:11,reportTestFileResults
FN:26,reportSpecResults
FN:27,(anonymous_3)
FN:33,(anonymous_4)
FN:53,(anonymous_5)
FN:65,getLocationPath
FN:80,getOutcome
FN:90,warn
FN:105,safeFn
FN:106,(anonymous_10)
FN:121,(anonymous_11)
FN:128,(anonymous_12)
FNF:13
FNH:2
FNDA:0,addTestFileNode
FNDA:0,reportTestFileResults
FNDA:0,reportSpecResults
FNDA:0,(anonymous_3)
FNDA:0,(anonymous_4)
FNDA:0,(anonymous_5)
FNDA:2,getLocationPath
FNDA:0,getOutcome
FNDA:0,warn
FNDA:0,safeFn
FNDA:0,(anonymous_10)
FNDA:0,(anonymous_11)
FNDA:1,(anonymous_12)
DA:1,1
DA:2,1
DA:3,1
DA:4,1
DA:5,1
DA:8,0
DA:12,0
DA:13,0
DA:14,0
DA:15,0
DA:16,0
DA:17,0
DA:18,0
DA:20,0
DA:21,0
DA:23,0
DA:27,0
DA:28,0
DA:29,0
DA:30,0
DA:32,0
DA:33,0
DA:34,0
DA:35,0
DA:36,0
DA:37,0
DA:38,0
DA:40,0
DA:42,0
DA:43,0
DA:45,0
DA:46,0
DA:47,0
DA:49,0
DA:50,0
DA:51,0
DA:53,0
DA:54,0
DA:66,2
DA:67,2
DA:68,1
DA:69,1
DA:71,2
DA:72,2
DA:73,2
DA:81,0
DA:82,0
DA:84,0
DA:85,0
DA:87,0
DA:91,0
DA:92,0
DA:93,0
DA:96,0
DA:97,0
DA:106,0
DA:107,0
DA:108,0
DA:110,0
DA:115,1
DA:116,1
DA:117,1
DA:118,1
DA:119,1
DA:121,1
DA:122,0
DA:123,0
DA:124,0
DA:126,0
DA:128,1
DA:129,1
DA:130,0
DA:133,1
LF:73
LH:21
BRDA:14,0,0,0
BRDA:14,0,1,0
BRDA:14,1,0,0
BRDA:14,1,1,0
BRDA:14,2,0,0
BRDA:14,2,1,0
BRDA:20,3,0,0
BRDA:20,3,1,0
BRDA:29,4,0,0
BRDA:29,4,1,0
BRDA:35,5,0,0
BRDA:35,5,1,0
BRDA:35,6,0,0
BRDA:35,6,1,0
BRDA:45,7,0,0
BRDA:45,7,1,0
BRDA:71,8,0,2
BRDA:71,8,1,0
BRDA:81,9,0,0
BRDA:81,9,1,0
BRDA:84,10,0,0
BRDA:84,10,1,0
BRDA:84,11,0,0
BRDA:84,11,1,0
BRDA:123,12,0,0
BRDA:123,12,1,0
BRDA:129,13,0,0
BRDA:129,13,1,1
BRF:28
BRH:2
end_of_record
